[28-Mar-2025 15:37:31 Europe/Berlin] PHP Warning:  Array to string conversion in C:\xampp\htdocs\bscs_profiling_system\includes\validation.php on line 69
[28-Mar-2025 15:37:31 Europe/Berlin] PHP Warning:  Array to string conversion in C:\xampp\htdocs\bscs_profiling_system\includes\validation.php on line 69
[28-Mar-2025 15:37:31 Europe/Berlin] PHP Warning:  Array to string conversion in C:\xampp\htdocs\bscs_profiling_system\includes\validation.php on line 69
[28-Mar-2025 15:37:36 Europe/Berlin] PHP Warning:  Array to string conversion in C:\xampp\htdocs\bscs_profiling_system\includes\validation.php on line 69
[28-Mar-2025 15:37:36 Europe/Berlin] PHP Warning:  Array to string conversion in C:\xampp\htdocs\bscs_profiling_system\includes\validation.php on line 69
[28-Mar-2025 15:37:36 Europe/Berlin] PHP Warning:  Array to string conversion in C:\xampp\htdocs\bscs_profiling_system\includes\validation.php on line 69
[28-Mar-2025 15:37:36 Europe/Berlin] Error in add_student.php: Student ID already exists
[28-Mar-2025 15:37:36 Europe/Berlin] Stack trace: #0 {main}
[28-Mar-2025 15:37:40 Europe/Berlin] PHP Warning:  Array to string conversion in C:\xampp\htdocs\bscs_profiling_system\includes\validation.php on line 69
[28-Mar-2025 15:37:40 Europe/Berlin] PHP Warning:  Array to string conversion in C:\xampp\htdocs\bscs_profiling_system\includes\validation.php on line 69
[28-Mar-2025 15:37:40 Europe/Berlin] PHP Warning:  Array to string conversion in C:\xampp\htdocs\bscs_profiling_system\includes\validation.php on line 69
[28-Mar-2025 15:37:40 Europe/Berlin] Error in add_student.php: Student ID already exists
[28-Mar-2025 15:37:40 Europe/Berlin] Stack trace: #0 {main}
[28-Mar-2025 15:38:37 Europe/Berlin] PHP Warning:  Array to string conversion in C:\xampp\htdocs\bscs_profiling_system\includes\validation.php on line 69
[28-Mar-2025 15:38:37 Europe/Berlin] PHP Warning:  Array to string conversion in C:\xampp\htdocs\bscs_profiling_system\includes\validation.php on line 69
[28-Mar-2025 15:38:37 Europe/Berlin] PHP Warning:  Array to string conversion in C:\xampp\htdocs\bscs_profiling_system\includes\validation.php on line 69
[28-Mar-2025 15:38:37 Europe/Berlin] PHP Warning:  Array to string conversion in C:\xampp\htdocs\bscs_profiling_system\includes\validation.php on line 69
[28-Mar-2025 15:38:37 Europe/Berlin] PHP Warning:  Array to string conversion in C:\xampp\htdocs\bscs_profiling_system\includes\validation.php on line 69
[28-Mar-2025 15:38:37 Europe/Berlin] PHP Warning:  Array to string conversion in C:\xampp\htdocs\bscs_profiling_system\includes\validation.php on line 69
[28-Mar-2025 15:42:21 Europe/Berlin] PHP Warning:  Array to string conversion in C:\xampp\htdocs\bscs_profiling_system\includes\validation.php on line 69
[28-Mar-2025 15:42:21 Europe/Berlin] PHP Warning:  Array to string conversion in C:\xampp\htdocs\bscs_profiling_system\includes\validation.php on line 69
[28-Mar-2025 15:42:21 Europe/Berlin] PHP Warning:  Array to string conversion in C:\xampp\htdocs\bscs_profiling_system\includes\validation.php on line 69
[28-Mar-2025 15:42:21 Europe/Berlin] PHP Warning:  Array to string conversion in C:\xampp\htdocs\bscs_profiling_system\includes\validation.php on line 69
[28-Mar-2025 15:42:21 Europe/Berlin] PHP Warning:  Array to string conversion in C:\xampp\htdocs\bscs_profiling_system\includes\validation.php on line 69
[28-Mar-2025 15:42:21 Europe/Berlin] PHP Notice:  Only variables should be passed by reference in C:\xampp\htdocs\bscs_profiling_system\api\add_student.php on line 140
[28-Mar-2025 15:42:21 Europe/Berlin] PHP Notice:  Only variables should be passed by reference in C:\xampp\htdocs\bscs_profiling_system\api\add_student.php on line 141
[28-Mar-2025 15:42:21 Europe/Berlin] PHP Notice:  Only variables should be passed by reference in C:\xampp\htdocs\bscs_profiling_system\api\add_student.php on line 142
[28-Mar-2025 15:42:21 Europe/Berlin] PHP Notice:  Only variables should be passed by reference in C:\xampp\htdocs\bscs_profiling_system\api\add_student.php on line 143
[28-Mar-2025 15:42:21 Europe/Berlin] PHP Notice:  Only variables should be passed by reference in C:\xampp\htdocs\bscs_profiling_system\api\add_student.php on line 144
[28-Mar-2025 15:42:21 Europe/Berlin] PHP Notice:  Only variables should be passed by reference in C:\xampp\htdocs\bscs_profiling_system\api\add_student.php on line 147
[28-Mar-2025 15:42:21 Europe/Berlin] PHP Notice:  Only variables should be passed by reference in C:\xampp\htdocs\bscs_profiling_system\api\add_student.php on line 150
[28-Mar-2025 15:45:17 Europe/Berlin] PHP Notice:  Only variables should be passed by reference in C:\xampp\htdocs\bscs_profiling_system\api\add_student.php on line 141
[28-Mar-2025 15:45:17 Europe/Berlin] PHP Notice:  Only variables should be passed by reference in C:\xampp\htdocs\bscs_profiling_system\api\add_student.php on line 142
[28-Mar-2025 15:45:17 Europe/Berlin] PHP Notice:  Only variables should be passed by reference in C:\xampp\htdocs\bscs_profiling_system\api\add_student.php on line 143
[28-Mar-2025 15:45:17 Europe/Berlin] PHP Notice:  Only variables should be passed by reference in C:\xampp\htdocs\bscs_profiling_system\api\add_student.php on line 144
[28-Mar-2025 15:45:17 Europe/Berlin] PHP Notice:  Only variables should be passed by reference in C:\xampp\htdocs\bscs_profiling_system\api\add_student.php on line 145
[28-Mar-2025 15:45:17 Europe/Berlin] PHP Notice:  Only variables should be passed by reference in C:\xampp\htdocs\bscs_profiling_system\api\add_student.php on line 148
[28-Mar-2025 15:45:17 Europe/Berlin] PHP Notice:  Only variables should be passed by reference in C:\xampp\htdocs\bscs_profiling_system\api\add_student.php on line 151
[28-Mar-2025 15:46:30 Europe/Berlin] PHP Notice:  Only variables should be passed by reference in C:\xampp\htdocs\bscs_profiling_system\api\add_student.php on line 141
[28-Mar-2025 15:46:30 Europe/Berlin] PHP Notice:  Only variables should be passed by reference in C:\xampp\htdocs\bscs_profiling_system\api\add_student.php on line 142
[28-Mar-2025 15:46:30 Europe/Berlin] PHP Notice:  Only variables should be passed by reference in C:\xampp\htdocs\bscs_profiling_system\api\add_student.php on line 143
[28-Mar-2025 15:46:30 Europe/Berlin] PHP Notice:  Only variables should be passed by reference in C:\xampp\htdocs\bscs_profiling_system\api\add_student.php on line 144
[28-Mar-2025 15:46:30 Europe/Berlin] PHP Notice:  Only variables should be passed by reference in C:\xampp\htdocs\bscs_profiling_system\api\add_student.php on line 145
[28-Mar-2025 15:46:30 Europe/Berlin] PHP Notice:  Only variables should be passed by reference in C:\xampp\htdocs\bscs_profiling_system\api\add_student.php on line 148
[28-Mar-2025 15:46:30 Europe/Berlin] PHP Notice:  Only variables should be passed by reference in C:\xampp\htdocs\bscs_profiling_system\api\add_student.php on line 151
[29-Mar-2025 09:12:22 Europe/Berlin] PHP Notice:  Only variables should be passed by reference in C:\xampp\htdocs\bscs_profiling_system\api\add_student.php on line 141
[29-Mar-2025 09:12:22 Europe/Berlin] PHP Notice:  Only variables should be passed by reference in C:\xampp\htdocs\bscs_profiling_system\api\add_student.php on line 142
[29-Mar-2025 09:12:22 Europe/Berlin] PHP Notice:  Only variables should be passed by reference in C:\xampp\htdocs\bscs_profiling_system\api\add_student.php on line 143
[29-Mar-2025 09:12:22 Europe/Berlin] PHP Notice:  Only variables should be passed by reference in C:\xampp\htdocs\bscs_profiling_system\api\add_student.php on line 144
[29-Mar-2025 09:12:22 Europe/Berlin] PHP Notice:  Only variables should be passed by reference in C:\xampp\htdocs\bscs_profiling_system\api\add_student.php on line 145
[29-Mar-2025 09:12:22 Europe/Berlin] PHP Notice:  Only variables should be passed by reference in C:\xampp\htdocs\bscs_profiling_system\api\add_student.php on line 148
[29-Mar-2025 09:12:22 Europe/Berlin] PHP Notice:  Only variables should be passed by reference in C:\xampp\htdocs\bscs_profiling_system\api\add_student.php on line 151
[29-Mar-2025 09:25:13 Europe/Berlin] PHP Notice:  Only variables should be passed by reference in C:\xampp\htdocs\bscs_profiling_system\api\add_student.php on line 141
[29-Mar-2025 09:25:13 Europe/Berlin] PHP Notice:  Only variables should be passed by reference in C:\xampp\htdocs\bscs_profiling_system\api\add_student.php on line 142
[29-Mar-2025 09:25:13 Europe/Berlin] PHP Notice:  Only variables should be passed by reference in C:\xampp\htdocs\bscs_profiling_system\api\add_student.php on line 143
[29-Mar-2025 09:25:13 Europe/Berlin] PHP Notice:  Only variables should be passed by reference in C:\xampp\htdocs\bscs_profiling_system\api\add_student.php on line 144
[29-Mar-2025 09:25:13 Europe/Berlin] PHP Notice:  Only variables should be passed by reference in C:\xampp\htdocs\bscs_profiling_system\api\add_student.php on line 145
[29-Mar-2025 09:25:13 Europe/Berlin] PHP Notice:  Only variables should be passed by reference in C:\xampp\htdocs\bscs_profiling_system\api\add_student.php on line 148
[29-Mar-2025 09:25:13 Europe/Berlin] PHP Notice:  Only variables should be passed by reference in C:\xampp\htdocs\bscs_profiling_system\api\add_student.php on line 151
[29-Mar-2025 09:43:31 Europe/Berlin] PHP Notice:  Only variables should be passed by reference in C:\xampp\htdocs\bscs_profiling_system\api\add_student.php on line 141
[29-Mar-2025 09:43:31 Europe/Berlin] PHP Notice:  Only variables should be passed by reference in C:\xampp\htdocs\bscs_profiling_system\api\add_student.php on line 142
[29-Mar-2025 09:43:31 Europe/Berlin] PHP Notice:  Only variables should be passed by reference in C:\xampp\htdocs\bscs_profiling_system\api\add_student.php on line 143
[29-Mar-2025 09:43:31 Europe/Berlin] PHP Notice:  Only variables should be passed by reference in C:\xampp\htdocs\bscs_profiling_system\api\add_student.php on line 144
[29-Mar-2025 09:43:31 Europe/Berlin] PHP Notice:  Only variables should be passed by reference in C:\xampp\htdocs\bscs_profiling_system\api\add_student.php on line 145
[29-Mar-2025 09:43:31 Europe/Berlin] PHP Notice:  Only variables should be passed by reference in C:\xampp\htdocs\bscs_profiling_system\api\add_student.php on line 148
[29-Mar-2025 09:43:31 Europe/Berlin] PHP Notice:  Only variables should be passed by reference in C:\xampp\htdocs\bscs_profiling_system\api\add_student.php on line 151
[29-Mar-2025 09:43:45 Europe/Berlin] Error in add_student.php: Student ID already exists
[29-Mar-2025 09:44:57 Europe/Berlin] PHP Notice:  Only variables should be passed by reference in C:\xampp\htdocs\bscs_profiling_system\api\add_student.php on line 141
[29-Mar-2025 09:44:57 Europe/Berlin] PHP Notice:  Only variables should be passed by reference in C:\xampp\htdocs\bscs_profiling_system\api\add_student.php on line 142
[29-Mar-2025 09:44:57 Europe/Berlin] PHP Notice:  Only variables should be passed by reference in C:\xampp\htdocs\bscs_profiling_system\api\add_student.php on line 143
[29-Mar-2025 09:44:57 Europe/Berlin] PHP Notice:  Only variables should be passed by reference in C:\xampp\htdocs\bscs_profiling_system\api\add_student.php on line 144
[29-Mar-2025 09:44:57 Europe/Berlin] PHP Notice:  Only variables should be passed by reference in C:\xampp\htdocs\bscs_profiling_system\api\add_student.php on line 145
[29-Mar-2025 09:44:57 Europe/Berlin] PHP Notice:  Only variables should be passed by reference in C:\xampp\htdocs\bscs_profiling_system\api\add_student.php on line 148
[29-Mar-2025 09:44:57 Europe/Berlin] PHP Notice:  Only variables should be passed by reference in C:\xampp\htdocs\bscs_profiling_system\api\add_student.php on line 151
[29-Mar-2025 09:45:29 Europe/Berlin] PHP Notice:  Only variables should be passed by reference in C:\xampp\htdocs\bscs_profiling_system\api\add_student.php on line 141
[29-Mar-2025 09:45:29 Europe/Berlin] PHP Notice:  Only variables should be passed by reference in C:\xampp\htdocs\bscs_profiling_system\api\add_student.php on line 142
[29-Mar-2025 09:45:29 Europe/Berlin] PHP Notice:  Only variables should be passed by reference in C:\xampp\htdocs\bscs_profiling_system\api\add_student.php on line 143
[29-Mar-2025 09:45:29 Europe/Berlin] PHP Notice:  Only variables should be passed by reference in C:\xampp\htdocs\bscs_profiling_system\api\add_student.php on line 144
[29-Mar-2025 09:45:29 Europe/Berlin] PHP Notice:  Only variables should be passed by reference in C:\xampp\htdocs\bscs_profiling_system\api\add_student.php on line 145
[29-Mar-2025 09:45:29 Europe/Berlin] PHP Notice:  Only variables should be passed by reference in C:\xampp\htdocs\bscs_profiling_system\api\add_student.php on line 148
[29-Mar-2025 09:45:29 Europe/Berlin] PHP Notice:  Only variables should be passed by reference in C:\xampp\htdocs\bscs_profiling_system\api\add_student.php on line 151
[31-Mar-2025 18:11:36 Europe/Berlin] PHP Notice:  Only variables should be passed by reference in C:\xampp\htdocs\bscs_profiling_system\api\add_student.php on line 141
[31-Mar-2025 18:11:36 Europe/Berlin] PHP Notice:  Only variables should be passed by reference in C:\xampp\htdocs\bscs_profiling_system\api\add_student.php on line 142
[31-Mar-2025 18:11:36 Europe/Berlin] PHP Notice:  Only variables should be passed by reference in C:\xampp\htdocs\bscs_profiling_system\api\add_student.php on line 143
[31-Mar-2025 18:11:36 Europe/Berlin] PHP Notice:  Only variables should be passed by reference in C:\xampp\htdocs\bscs_profiling_system\api\add_student.php on line 144
[31-Mar-2025 18:11:36 Europe/Berlin] PHP Notice:  Only variables should be passed by reference in C:\xampp\htdocs\bscs_profiling_system\api\add_student.php on line 145
[31-Mar-2025 18:11:36 Europe/Berlin] PHP Notice:  Only variables should be passed by reference in C:\xampp\htdocs\bscs_profiling_system\api\add_student.php on line 148
[31-Mar-2025 18:11:36 Europe/Berlin] PHP Notice:  Only variables should be passed by reference in C:\xampp\htdocs\bscs_profiling_system\api\add_student.php on line 151
[31-Mar-2025 18:12:58 Europe/Berlin] PHP Notice:  Only variables should be passed by reference in C:\xampp\htdocs\bscs_profiling_system\api\add_student.php on line 141
[31-Mar-2025 18:12:58 Europe/Berlin] PHP Notice:  Only variables should be passed by reference in C:\xampp\htdocs\bscs_profiling_system\api\add_student.php on line 142
[31-Mar-2025 18:12:58 Europe/Berlin] PHP Notice:  Only variables should be passed by reference in C:\xampp\htdocs\bscs_profiling_system\api\add_student.php on line 143
[31-Mar-2025 18:12:58 Europe/Berlin] PHP Notice:  Only variables should be passed by reference in C:\xampp\htdocs\bscs_profiling_system\api\add_student.php on line 144
[31-Mar-2025 18:12:58 Europe/Berlin] PHP Notice:  Only variables should be passed by reference in C:\xampp\htdocs\bscs_profiling_system\api\add_student.php on line 145
[31-Mar-2025 18:12:58 Europe/Berlin] PHP Notice:  Only variables should be passed by reference in C:\xampp\htdocs\bscs_profiling_system\api\add_student.php on line 148
[31-Mar-2025 18:12:58 Europe/Berlin] PHP Notice:  Only variables should be passed by reference in C:\xampp\htdocs\bscs_profiling_system\api\add_student.php on line 151
[01-Apr-2025 03:10:50 Europe/Berlin] PHP Notice:  Only variables should be passed by reference in C:\xampp\htdocs\bscs_profiling_system\api\add_student.php on line 141
[01-Apr-2025 03:10:50 Europe/Berlin] PHP Notice:  Only variables should be passed by reference in C:\xampp\htdocs\bscs_profiling_system\api\add_student.php on line 142
[01-Apr-2025 03:10:50 Europe/Berlin] PHP Notice:  Only variables should be passed by reference in C:\xampp\htdocs\bscs_profiling_system\api\add_student.php on line 143
[01-Apr-2025 03:10:50 Europe/Berlin] PHP Notice:  Only variables should be passed by reference in C:\xampp\htdocs\bscs_profiling_system\api\add_student.php on line 144
[01-Apr-2025 03:10:50 Europe/Berlin] PHP Notice:  Only variables should be passed by reference in C:\xampp\htdocs\bscs_profiling_system\api\add_student.php on line 145
[01-Apr-2025 03:10:50 Europe/Berlin] PHP Notice:  Only variables should be passed by reference in C:\xampp\htdocs\bscs_profiling_system\api\add_student.php on line 148
[01-Apr-2025 03:10:50 Europe/Berlin] PHP Notice:  Only variables should be passed by reference in C:\xampp\htdocs\bscs_profiling_system\api\add_student.php on line 151
[01-Apr-2025 03:11:46 Europe/Berlin] Error in add_student.php: Student ID already exists
[01-Apr-2025 03:12:00 Europe/Berlin] PHP Notice:  Only variables should be passed by reference in C:\xampp\htdocs\bscs_profiling_system\api\add_student.php on line 141
[01-Apr-2025 03:12:00 Europe/Berlin] PHP Notice:  Only variables should be passed by reference in C:\xampp\htdocs\bscs_profiling_system\api\add_student.php on line 142
[01-Apr-2025 03:12:00 Europe/Berlin] PHP Notice:  Only variables should be passed by reference in C:\xampp\htdocs\bscs_profiling_system\api\add_student.php on line 143
[01-Apr-2025 03:12:00 Europe/Berlin] PHP Notice:  Only variables should be passed by reference in C:\xampp\htdocs\bscs_profiling_system\api\add_student.php on line 144
[01-Apr-2025 03:12:00 Europe/Berlin] PHP Notice:  Only variables should be passed by reference in C:\xampp\htdocs\bscs_profiling_system\api\add_student.php on line 145
[01-Apr-2025 03:12:00 Europe/Berlin] PHP Notice:  Only variables should be passed by reference in C:\xampp\htdocs\bscs_profiling_system\api\add_student.php on line 148
[01-Apr-2025 03:12:00 Europe/Berlin] PHP Notice:  Only variables should be passed by reference in C:\xampp\htdocs\bscs_profiling_system\api\add_student.php on line 151
[01-Apr-2025 03:12:43 Europe/Berlin] Error in add_student.php: Student ID already exists
[01-Apr-2025 03:30:23 Europe/Berlin] PHP Notice:  Only variables should be passed by reference in C:\xampp\htdocs\bscs_profiling_system\api\add_student.php on line 141
[01-Apr-2025 03:30:23 Europe/Berlin] PHP Notice:  Only variables should be passed by reference in C:\xampp\htdocs\bscs_profiling_system\api\add_student.php on line 142
[01-Apr-2025 03:30:23 Europe/Berlin] PHP Notice:  Only variables should be passed by reference in C:\xampp\htdocs\bscs_profiling_system\api\add_student.php on line 143
[01-Apr-2025 03:30:23 Europe/Berlin] PHP Notice:  Only variables should be passed by reference in C:\xampp\htdocs\bscs_profiling_system\api\add_student.php on line 144
[01-Apr-2025 03:30:23 Europe/Berlin] PHP Notice:  Only variables should be passed by reference in C:\xampp\htdocs\bscs_profiling_system\api\add_student.php on line 145
[01-Apr-2025 03:30:23 Europe/Berlin] PHP Notice:  Only variables should be passed by reference in C:\xampp\htdocs\bscs_profiling_system\api\add_student.php on line 148
[01-Apr-2025 03:30:23 Europe/Berlin] PHP Notice:  Only variables should be passed by reference in C:\xampp\htdocs\bscs_profiling_system\api\add_student.php on line 151
[01-Apr-2025 03:32:07 Europe/Berlin] PHP Notice:  Only variables should be passed by reference in C:\xampp\htdocs\bscs_profiling_system\api\add_student.php on line 141
[01-Apr-2025 03:32:07 Europe/Berlin] PHP Notice:  Only variables should be passed by reference in C:\xampp\htdocs\bscs_profiling_system\api\add_student.php on line 142
[01-Apr-2025 03:32:07 Europe/Berlin] PHP Notice:  Only variables should be passed by reference in C:\xampp\htdocs\bscs_profiling_system\api\add_student.php on line 143
[01-Apr-2025 03:32:07 Europe/Berlin] PHP Notice:  Only variables should be passed by reference in C:\xampp\htdocs\bscs_profiling_system\api\add_student.php on line 144
[01-Apr-2025 03:32:07 Europe/Berlin] PHP Notice:  Only variables should be passed by reference in C:\xampp\htdocs\bscs_profiling_system\api\add_student.php on line 145
[01-Apr-2025 03:32:07 Europe/Berlin] PHP Notice:  Only variables should be passed by reference in C:\xampp\htdocs\bscs_profiling_system\api\add_student.php on line 148
[01-Apr-2025 03:32:07 Europe/Berlin] PHP Notice:  Only variables should be passed by reference in C:\xampp\htdocs\bscs_profiling_system\api\add_student.php on line 151
[01-Apr-2025 03:47:27 Europe/Berlin] PHP Notice:  Only variables should be passed by reference in C:\xampp\htdocs\bscs_profiling_system\api\add_student.php on line 141
[01-Apr-2025 03:47:27 Europe/Berlin] PHP Notice:  Only variables should be passed by reference in C:\xampp\htdocs\bscs_profiling_system\api\add_student.php on line 142
[01-Apr-2025 03:47:27 Europe/Berlin] PHP Notice:  Only variables should be passed by reference in C:\xampp\htdocs\bscs_profiling_system\api\add_student.php on line 143
[01-Apr-2025 03:47:27 Europe/Berlin] PHP Notice:  Only variables should be passed by reference in C:\xampp\htdocs\bscs_profiling_system\api\add_student.php on line 144
[01-Apr-2025 03:47:27 Europe/Berlin] PHP Notice:  Only variables should be passed by reference in C:\xampp\htdocs\bscs_profiling_system\api\add_student.php on line 145
[01-Apr-2025 03:47:27 Europe/Berlin] PHP Notice:  Only variables should be passed by reference in C:\xampp\htdocs\bscs_profiling_system\api\add_student.php on line 148
[01-Apr-2025 03:47:27 Europe/Berlin] PHP Notice:  Only variables should be passed by reference in C:\xampp\htdocs\bscs_profiling_system\api\add_student.php on line 151
[01-Apr-2025 04:14:19 Europe/Berlin] Error in add_student.php: Student ID already exists
[01-Apr-2025 04:14:54 Europe/Berlin] PHP Notice:  Only variables should be passed by reference in C:\xampp\htdocs\bscs_profiling_system\api\add_student.php on line 142
[01-Apr-2025 04:14:54 Europe/Berlin] PHP Notice:  Only variables should be passed by reference in C:\xampp\htdocs\bscs_profiling_system\api\add_student.php on line 143
[01-Apr-2025 04:14:54 Europe/Berlin] PHP Notice:  Only variables should be passed by reference in C:\xampp\htdocs\bscs_profiling_system\api\add_student.php on line 144
[01-Apr-2025 04:14:54 Europe/Berlin] PHP Notice:  Only variables should be passed by reference in C:\xampp\htdocs\bscs_profiling_system\api\add_student.php on line 145
[01-Apr-2025 04:14:54 Europe/Berlin] PHP Notice:  Only variables should be passed by reference in C:\xampp\htdocs\bscs_profiling_system\api\add_student.php on line 146
[01-Apr-2025 04:14:54 Europe/Berlin] PHP Notice:  Only variables should be passed by reference in C:\xampp\htdocs\bscs_profiling_system\api\add_student.php on line 149
[01-Apr-2025 04:14:54 Europe/Berlin] PHP Notice:  Only variables should be passed by reference in C:\xampp\htdocs\bscs_profiling_system\api\add_student.php on line 152
[01-Apr-2025 04:23:40 Europe/Berlin] PHP Warning:  Trying to access array offset on value of type null in C:\xampp\htdocs\bscs_profiling_system\reports.php on line 200
[01-Apr-2025 04:23:41 Europe/Berlin] PHP Warning:  Trying to access array offset on value of type null in C:\xampp\htdocs\bscs_profiling_system\reports.php on line 200
[01-Apr-2025 04:23:44 Europe/Berlin] PHP Warning:  Trying to access array offset on value of type null in C:\xampp\htdocs\bscs_profiling_system\reports.php on line 200
[01-Apr-2025 04:23:45 Europe/Berlin] PHP Warning:  Trying to access array offset on value of type null in C:\xampp\htdocs\bscs_profiling_system\reports.php on line 200
[01-Apr-2025 04:23:45 Europe/Berlin] PHP Warning:  Trying to access array offset on value of type null in C:\xampp\htdocs\bscs_profiling_system\reports.php on line 200
[01-Apr-2025 04:23:46 Europe/Berlin] PHP Warning:  Trying to access array offset on value of type null in C:\xampp\htdocs\bscs_profiling_system\reports.php on line 200
[01-Apr-2025 04:23:46 Europe/Berlin] PHP Warning:  Trying to access array offset on value of type null in C:\xampp\htdocs\bscs_profiling_system\reports.php on line 200
[01-Apr-2025 04:23:46 Europe/Berlin] PHP Warning:  Trying to access array offset on value of type null in C:\xampp\htdocs\bscs_profiling_system\reports.php on line 200
[01-Apr-2025 04:23:46 Europe/Berlin] PHP Warning:  Trying to access array offset on value of type null in C:\xampp\htdocs\bscs_profiling_system\reports.php on line 200
[01-Apr-2025 04:23:51 Europe/Berlin] PHP Warning:  Trying to access array offset on value of type null in C:\xampp\htdocs\bscs_profiling_system\reports.php on line 200
[01-Apr-2025 04:23:56 Europe/Berlin] PHP Warning:  Trying to access array offset on value of type null in C:\xampp\htdocs\bscs_profiling_system\reports.php on line 200
[01-Apr-2025 04:23:57 Europe/Berlin] PHP Warning:  Trying to access array offset on value of type null in C:\xampp\htdocs\bscs_profiling_system\reports.php on line 200
[01-Apr-2025 04:24:02 Europe/Berlin] PHP Warning:  Trying to access array offset on value of type null in C:\xampp\htdocs\bscs_profiling_system\reports.php on line 200
[01-Apr-2025 04:24:03 Europe/Berlin] PHP Warning:  Trying to access array offset on value of type null in C:\xampp\htdocs\bscs_profiling_system\reports.php on line 200
[01-Apr-2025 04:24:04 Europe/Berlin] PHP Warning:  Trying to access array offset on value of type null in C:\xampp\htdocs\bscs_profiling_system\reports.php on line 200
[01-Apr-2025 04:24:05 Europe/Berlin] PHP Warning:  Trying to access array offset on value of type null in C:\xampp\htdocs\bscs_profiling_system\reports.php on line 200
[01-Apr-2025 04:24:06 Europe/Berlin] PHP Warning:  Trying to access array offset on value of type null in C:\xampp\htdocs\bscs_profiling_system\reports.php on line 200
[01-Apr-2025 04:24:12 Europe/Berlin] PHP Warning:  Trying to access array offset on value of type null in C:\xampp\htdocs\bscs_profiling_system\reports.php on line 200
[01-Apr-2025 04:24:17 Europe/Berlin] PHP Warning:  Trying to access array offset on value of type null in C:\xampp\htdocs\bscs_profiling_system\reports.php on line 200
[01-Apr-2025 04:24:22 Europe/Berlin] PHP Warning:  Trying to access array offset on value of type null in C:\xampp\htdocs\bscs_profiling_system\reports.php on line 200
[01-Apr-2025 04:24:27 Europe/Berlin] PHP Warning:  Trying to access array offset on value of type null in C:\xampp\htdocs\bscs_profiling_system\reports.php on line 200
[01-Apr-2025 04:24:32 Europe/Berlin] PHP Warning:  Trying to access array offset on value of type null in C:\xampp\htdocs\bscs_profiling_system\reports.php on line 200
[01-Apr-2025 04:24:37 Europe/Berlin] PHP Warning:  Trying to access array offset on value of type null in C:\xampp\htdocs\bscs_profiling_system\reports.php on line 200
[01-Apr-2025 04:24:37 Europe/Berlin] PHP Warning:  Trying to access array offset on value of type null in C:\xampp\htdocs\bscs_profiling_system\reports.php on line 200
[01-Apr-2025 04:24:42 Europe/Berlin] PHP Warning:  Trying to access array offset on value of type null in C:\xampp\htdocs\bscs_profiling_system\reports.php on line 200
[01-Apr-2025 04:24:47 Europe/Berlin] PHP Warning:  Trying to access array offset on value of type null in C:\xampp\htdocs\bscs_profiling_system\reports.php on line 200
[01-Apr-2025 04:24:52 Europe/Berlin] PHP Warning:  Trying to access array offset on value of type null in C:\xampp\htdocs\bscs_profiling_system\reports.php on line 200
[01-Apr-2025 04:24:57 Europe/Berlin] PHP Warning:  Trying to access array offset on value of type null in C:\xampp\htdocs\bscs_profiling_system\reports.php on line 200
[01-Apr-2025 04:25:02 Europe/Berlin] PHP Warning:  Trying to access array offset on value of type null in C:\xampp\htdocs\bscs_profiling_system\reports.php on line 200
[01-Apr-2025 04:25:07 Europe/Berlin] PHP Warning:  Trying to access array offset on value of type null in C:\xampp\htdocs\bscs_profiling_system\reports.php on line 200
[01-Apr-2025 04:25:07 Europe/Berlin] PHP Warning:  Trying to access array offset on value of type null in C:\xampp\htdocs\bscs_profiling_system\reports.php on line 200
[01-Apr-2025 04:25:37 Europe/Berlin] PHP Warning:  Undefined array key "version" in C:\xampp\htdocs\bscs_profiling_system\reports.php on line 204
[01-Apr-2025 04:25:37 Europe/Berlin] PHP Warning:  Undefined array key "version" in C:\xampp\htdocs\bscs_profiling_system\reports.php on line 204
[01-Apr-2025 04:25:38 Europe/Berlin] PHP Warning:  Undefined array key "version" in C:\xampp\htdocs\bscs_profiling_system\reports.php on line 204
[01-Apr-2025 04:25:43 Europe/Berlin] PHP Warning:  Undefined array key "version" in C:\xampp\htdocs\bscs_profiling_system\reports.php on line 204
[01-Apr-2025 04:25:48 Europe/Berlin] PHP Warning:  Undefined array key "version" in C:\xampp\htdocs\bscs_profiling_system\reports.php on line 204
[01-Apr-2025 04:25:49 Europe/Berlin] PHP Warning:  Undefined array key "version" in C:\xampp\htdocs\bscs_profiling_system\reports.php on line 204
[01-Apr-2025 04:25:55 Europe/Berlin] PHP Warning:  Undefined array key "version" in C:\xampp\htdocs\bscs_profiling_system\reports.php on line 204
[01-Apr-2025 04:25:59 Europe/Berlin] PHP Warning:  Undefined array key "version" in C:\xampp\htdocs\bscs_profiling_system\reports.php on line 204
[01-Apr-2025 04:26:45 Europe/Berlin] PHP Notice:  Only variables should be passed by reference in C:\xampp\htdocs\bscs_profiling_system\api\add_student.php on line 142
[01-Apr-2025 04:26:45 Europe/Berlin] PHP Notice:  Only variables should be passed by reference in C:\xampp\htdocs\bscs_profiling_system\api\add_student.php on line 143
[01-Apr-2025 04:26:45 Europe/Berlin] PHP Notice:  Only variables should be passed by reference in C:\xampp\htdocs\bscs_profiling_system\api\add_student.php on line 144
[01-Apr-2025 04:26:45 Europe/Berlin] PHP Notice:  Only variables should be passed by reference in C:\xampp\htdocs\bscs_profiling_system\api\add_student.php on line 145
[01-Apr-2025 04:26:45 Europe/Berlin] PHP Notice:  Only variables should be passed by reference in C:\xampp\htdocs\bscs_profiling_system\api\add_student.php on line 146
[01-Apr-2025 04:26:45 Europe/Berlin] PHP Notice:  Only variables should be passed by reference in C:\xampp\htdocs\bscs_profiling_system\api\add_student.php on line 149
[01-Apr-2025 04:26:45 Europe/Berlin] PHP Notice:  Only variables should be passed by reference in C:\xampp\htdocs\bscs_profiling_system\api\add_student.php on line 152
[01-Apr-2025 04:26:51 Europe/Berlin] PHP Warning:  Undefined array key "version" in C:\xampp\htdocs\bscs_profiling_system\reports.php on line 204
[01-Apr-2025 04:26:56 Europe/Berlin] PHP Warning:  Undefined array key "version" in C:\xampp\htdocs\bscs_profiling_system\reports.php on line 204
[01-Apr-2025 04:27:01 Europe/Berlin] PHP Warning:  Undefined array key "version" in C:\xampp\htdocs\bscs_profiling_system\reports.php on line 204
[01-Apr-2025 04:27:06 Europe/Berlin] PHP Warning:  Undefined array key "version" in C:\xampp\htdocs\bscs_profiling_system\reports.php on line 204
[01-Apr-2025 04:27:11 Europe/Berlin] PHP Warning:  Undefined array key "version" in C:\xampp\htdocs\bscs_profiling_system\reports.php on line 204
[01-Apr-2025 04:27:14 Europe/Berlin] PHP Warning:  Undefined array key "version" in C:\xampp\htdocs\bscs_profiling_system\reports.php on line 204
[01-Apr-2025 04:27:15 Europe/Berlin] PHP Warning:  Undefined array key "version" in C:\xampp\htdocs\bscs_profiling_system\reports.php on line 204
[01-Apr-2025 04:27:16 Europe/Berlin] PHP Warning:  Undefined array key "version" in C:\xampp\htdocs\bscs_profiling_system\reports.php on line 204
[01-Apr-2025 04:27:23 Europe/Berlin] PHP Warning:  Undefined array key "version" in C:\xampp\htdocs\bscs_profiling_system\reports.php on line 204
[01-Apr-2025 04:27:24 Europe/Berlin] PHP Warning:  Undefined array key "version" in C:\xampp\htdocs\bscs_profiling_system\reports.php on line 204
[01-Apr-2025 04:27:28 Europe/Berlin] PHP Warning:  Undefined array key "version" in C:\xampp\htdocs\bscs_profiling_system\reports.php on line 204
[01-Apr-2025 04:27:41 Europe/Berlin] PHP Warning:  Undefined array key "version" in C:\xampp\htdocs\bscs_profiling_system\reports.php on line 204
[01-Apr-2025 04:27:46 Europe/Berlin] PHP Warning:  Undefined array key "version" in C:\xampp\htdocs\bscs_profiling_system\reports.php on line 204
[01-Apr-2025 04:27:51 Europe/Berlin] PHP Warning:  Undefined array key "version" in C:\xampp\htdocs\bscs_profiling_system\reports.php on line 204
[01-Apr-2025 04:27:56 Europe/Berlin] PHP Warning:  Undefined array key "version" in C:\xampp\htdocs\bscs_profiling_system\reports.php on line 204
[01-Apr-2025 04:28:01 Europe/Berlin] PHP Warning:  Undefined array key "version" in C:\xampp\htdocs\bscs_profiling_system\reports.php on line 204
[01-Apr-2025 04:28:06 Europe/Berlin] PHP Warning:  Undefined array key "version" in C:\xampp\htdocs\bscs_profiling_system\reports.php on line 204
[01-Apr-2025 04:28:11 Europe/Berlin] PHP Warning:  Undefined array key "version" in C:\xampp\htdocs\bscs_profiling_system\reports.php on line 204
[01-Apr-2025 04:28:11 Europe/Berlin] PHP Warning:  Undefined array key "version" in C:\xampp\htdocs\bscs_profiling_system\reports.php on line 204
[01-Apr-2025 04:28:12 Europe/Berlin] PHP Warning:  Undefined array key "version" in C:\xampp\htdocs\bscs_profiling_system\reports.php on line 204
[01-Apr-2025 04:28:27 Europe/Berlin] PHP Warning:  Undefined array key "version" in C:\xampp\htdocs\bscs_profiling_system\reports.php on line 204
[01-Apr-2025 04:28:28 Europe/Berlin] PHP Warning:  Undefined array key "version" in C:\xampp\htdocs\bscs_profiling_system\reports.php on line 204
[01-Apr-2025 04:28:33 Europe/Berlin] PHP Warning:  Undefined array key "version" in C:\xampp\htdocs\bscs_profiling_system\reports.php on line 204
[01-Apr-2025 04:28:38 Europe/Berlin] PHP Warning:  Undefined array key "version" in C:\xampp\htdocs\bscs_profiling_system\reports.php on line 204
[01-Apr-2025 04:28:43 Europe/Berlin] PHP Warning:  Undefined array key "version" in C:\xampp\htdocs\bscs_profiling_system\reports.php on line 204
[01-Apr-2025 04:28:48 Europe/Berlin] PHP Warning:  Undefined array key "version" in C:\xampp\htdocs\bscs_profiling_system\reports.php on line 204
[01-Apr-2025 04:28:53 Europe/Berlin] PHP Warning:  Undefined array key "version" in C:\xampp\htdocs\bscs_profiling_system\reports.php on line 204
[01-Apr-2025 04:28:58 Europe/Berlin] PHP Warning:  Undefined array key "version" in C:\xampp\htdocs\bscs_profiling_system\reports.php on line 204
[01-Apr-2025 04:28:58 Europe/Berlin] PHP Warning:  Undefined array key "version" in C:\xampp\htdocs\bscs_profiling_system\reports.php on line 204
[01-Apr-2025 04:29:01 Europe/Berlin] PHP Warning:  Undefined array key "version" in C:\xampp\htdocs\bscs_profiling_system\reports.php on line 204
[01-Apr-2025 04:29:22 Europe/Berlin] PHP Notice:  Only variables should be passed by reference in C:\xampp\htdocs\bscs_profiling_system\api\add_student.php on line 142
[01-Apr-2025 04:29:22 Europe/Berlin] PHP Notice:  Only variables should be passed by reference in C:\xampp\htdocs\bscs_profiling_system\api\add_student.php on line 143
[01-Apr-2025 04:29:22 Europe/Berlin] PHP Notice:  Only variables should be passed by reference in C:\xampp\htdocs\bscs_profiling_system\api\add_student.php on line 144
[01-Apr-2025 04:29:22 Europe/Berlin] PHP Notice:  Only variables should be passed by reference in C:\xampp\htdocs\bscs_profiling_system\api\add_student.php on line 145
[01-Apr-2025 04:29:22 Europe/Berlin] PHP Notice:  Only variables should be passed by reference in C:\xampp\htdocs\bscs_profiling_system\api\add_student.php on line 146
[01-Apr-2025 04:29:22 Europe/Berlin] PHP Notice:  Only variables should be passed by reference in C:\xampp\htdocs\bscs_profiling_system\api\add_student.php on line 149
[01-Apr-2025 04:29:22 Europe/Berlin] PHP Notice:  Only variables should be passed by reference in C:\xampp\htdocs\bscs_profiling_system\api\add_student.php on line 152
[01-Apr-2025 04:29:26 Europe/Berlin] PHP Warning:  Undefined array key "version" in C:\xampp\htdocs\bscs_profiling_system\reports.php on line 204
[01-Apr-2025 04:29:27 Europe/Berlin] PHP Warning:  Undefined array key "version" in C:\xampp\htdocs\bscs_profiling_system\reports.php on line 204
[01-Apr-2025 04:29:32 Europe/Berlin] PHP Warning:  Undefined array key "version" in C:\xampp\htdocs\bscs_profiling_system\reports.php on line 204
[01-Apr-2025 04:29:49 Europe/Berlin] PHP Warning:  Undefined array key "version" in C:\xampp\htdocs\bscs_profiling_system\reports.php on line 204
[01-Apr-2025 04:29:54 Europe/Berlin] PHP Warning:  Undefined array key "version" in C:\xampp\htdocs\bscs_profiling_system\reports.php on line 204
[01-Apr-2025 04:30:06 Europe/Berlin] PHP Warning:  Undefined array key "version" in C:\xampp\htdocs\bscs_profiling_system\reports.php on line 204
[01-Apr-2025 04:30:08 Europe/Berlin] PHP Warning:  Undefined array key "version" in C:\xampp\htdocs\bscs_profiling_system\reports.php on line 204
[01-Apr-2025 04:30:20 Europe/Berlin] PHP Warning:  Undefined array key "version" in C:\xampp\htdocs\bscs_profiling_system\reports.php on line 204
[01-Apr-2025 04:30:25 Europe/Berlin] PHP Warning:  Undefined array key "version" in C:\xampp\htdocs\bscs_profiling_system\reports.php on line 204
[01-Apr-2025 04:30:30 Europe/Berlin] PHP Warning:  Undefined array key "version" in C:\xampp\htdocs\bscs_profiling_system\reports.php on line 204
[01-Apr-2025 04:30:49 Europe/Berlin] PHP Warning:  Undefined array key "version" in C:\xampp\htdocs\bscs_profiling_system\reports.php on line 204
[01-Apr-2025 04:30:51 Europe/Berlin] PHP Warning:  Undefined array key "version" in C:\xampp\htdocs\bscs_profiling_system\reports.php on line 204
[01-Apr-2025 04:30:53 Europe/Berlin] PHP Warning:  Undefined array key "version" in C:\xampp\htdocs\bscs_profiling_system\reports.php on line 204
[01-Apr-2025 04:30:55 Europe/Berlin] PHP Warning:  Undefined array key "version" in C:\xampp\htdocs\bscs_profiling_system\reports.php on line 204
[01-Apr-2025 04:30:57 Europe/Berlin] PHP Warning:  Undefined array key "version" in C:\xampp\htdocs\bscs_profiling_system\reports.php on line 204
[01-Apr-2025 04:30:58 Europe/Berlin] PHP Warning:  Undefined array key "version" in C:\xampp\htdocs\bscs_profiling_system\reports.php on line 204
[01-Apr-2025 04:30:59 Europe/Berlin] PHP Warning:  Undefined array key "version" in C:\xampp\htdocs\bscs_profiling_system\reports.php on line 204
[01-Apr-2025 04:31:03 Europe/Berlin] PHP Warning:  Undefined array key "version" in C:\xampp\htdocs\bscs_profiling_system\reports.php on line 204
[01-Apr-2025 04:31:05 Europe/Berlin] PHP Warning:  Undefined array key "version" in C:\xampp\htdocs\bscs_profiling_system\reports.php on line 204
[01-Apr-2025 04:31:08 Europe/Berlin] PHP Warning:  Undefined array key "version" in C:\xampp\htdocs\bscs_profiling_system\reports.php on line 204
[01-Apr-2025 04:31:12 Europe/Berlin] PHP Warning:  Undefined array key "version" in C:\xampp\htdocs\bscs_profiling_system\reports.php on line 204
[01-Apr-2025 04:31:17 Europe/Berlin] PHP Warning:  Undefined array key "version" in C:\xampp\htdocs\bscs_profiling_system\reports.php on line 204
[01-Apr-2025 04:31:22 Europe/Berlin] PHP Warning:  Undefined array key "version" in C:\xampp\htdocs\bscs_profiling_system\reports.php on line 204
[01-Apr-2025 04:31:27 Europe/Berlin] PHP Warning:  Undefined array key "version" in C:\xampp\htdocs\bscs_profiling_system\reports.php on line 204
[01-Apr-2025 04:31:32 Europe/Berlin] PHP Warning:  Undefined array key "version" in C:\xampp\htdocs\bscs_profiling_system\reports.php on line 204
[01-Apr-2025 04:31:37 Europe/Berlin] PHP Warning:  Undefined array key "version" in C:\xampp\htdocs\bscs_profiling_system\reports.php on line 204
[01-Apr-2025 04:31:42 Europe/Berlin] PHP Warning:  Undefined array key "version" in C:\xampp\htdocs\bscs_profiling_system\reports.php on line 204
[01-Apr-2025 04:31:42 Europe/Berlin] PHP Warning:  Undefined array key "version" in C:\xampp\htdocs\bscs_profiling_system\reports.php on line 204
[01-Apr-2025 04:31:47 Europe/Berlin] PHP Warning:  Undefined array key "version" in C:\xampp\htdocs\bscs_profiling_system\reports.php on line 204
[01-Apr-2025 04:31:57 Europe/Berlin] PHP Warning:  Undefined array key "version" in C:\xampp\htdocs\bscs_profiling_system\reports.php on line 204
[01-Apr-2025 04:33:08 Europe/Berlin] PHP Warning:  Undefined array key "version" in C:\xampp\htdocs\bscs_profiling_system\reports.php on line 204
[01-Apr-2025 04:33:10 Europe/Berlin] PHP Warning:  Undefined array key "version" in C:\xampp\htdocs\bscs_profiling_system\reports.php on line 204
[01-Apr-2025 04:33:15 Europe/Berlin] PHP Warning:  Undefined array key "version" in C:\xampp\htdocs\bscs_profiling_system\reports.php on line 204
[01-Apr-2025 04:33:15 Europe/Berlin] PHP Warning:  Undefined array key "version" in C:\xampp\htdocs\bscs_profiling_system\reports.php on line 204
[01-Apr-2025 04:33:16 Europe/Berlin] PHP Warning:  Undefined array key "version" in C:\xampp\htdocs\bscs_profiling_system\reports.php on line 204
[01-Apr-2025 04:33:34 Europe/Berlin] PHP Warning:  Undefined array key "version" in C:\xampp\htdocs\bscs_profiling_system\reports.php on line 204
[01-Apr-2025 04:33:36 Europe/Berlin] PHP Warning:  Undefined array key "version" in C:\xampp\htdocs\bscs_profiling_system\reports.php on line 204
[01-Apr-2025 04:33:37 Europe/Berlin] PHP Warning:  Undefined array key "version" in C:\xampp\htdocs\bscs_profiling_system\reports.php on line 204
[01-Apr-2025 04:33:49 Europe/Berlin] PHP Warning:  Undefined array key "version" in C:\xampp\htdocs\bscs_profiling_system\reports.php on line 204
[01-Apr-2025 04:33:51 Europe/Berlin] PHP Warning:  Undefined array key "version" in C:\xampp\htdocs\bscs_profiling_system\reports.php on line 204
[01-Apr-2025 04:33:51 Europe/Berlin] PHP Warning:  Undefined array key "version" in C:\xampp\htdocs\bscs_profiling_system\reports.php on line 204
[01-Apr-2025 04:33:56 Europe/Berlin] PHP Warning:  Undefined array key "version" in C:\xampp\htdocs\bscs_profiling_system\reports.php on line 204
[01-Apr-2025 04:34:01 Europe/Berlin] PHP Warning:  Undefined array key "version" in C:\xampp\htdocs\bscs_profiling_system\reports.php on line 204
[01-Apr-2025 04:34:06 Europe/Berlin] PHP Warning:  Undefined array key "version" in C:\xampp\htdocs\bscs_profiling_system\reports.php on line 204
[01-Apr-2025 04:34:11 Europe/Berlin] PHP Warning:  Undefined array key "version" in C:\xampp\htdocs\bscs_profiling_system\reports.php on line 204
[01-Apr-2025 04:34:12 Europe/Berlin] PHP Warning:  Undefined array key "version" in C:\xampp\htdocs\bscs_profiling_system\reports.php on line 204
[01-Apr-2025 04:34:14 Europe/Berlin] PHP Warning:  Undefined array key "version" in C:\xampp\htdocs\bscs_profiling_system\reports.php on line 204
[01-Apr-2025 04:34:33 Europe/Berlin] PHP Warning:  Undefined array key "version" in C:\xampp\htdocs\bscs_profiling_system\reports.php on line 204
[01-Apr-2025 04:34:39 Europe/Berlin] PHP Warning:  Undefined array key "version" in C:\xampp\htdocs\bscs_profiling_system\reports.php on line 204
[01-Apr-2025 04:34:44 Europe/Berlin] PHP Warning:  Undefined array key "version" in C:\xampp\htdocs\bscs_profiling_system\reports.php on line 204
[01-Apr-2025 04:34:47 Europe/Berlin] PHP Warning:  Undefined array key "version" in C:\xampp\htdocs\bscs_profiling_system\reports.php on line 204
[01-Apr-2025 04:34:52 Europe/Berlin] PHP Warning:  Undefined array key "version" in C:\xampp\htdocs\bscs_profiling_system\reports.php on line 204
[01-Apr-2025 04:34:57 Europe/Berlin] PHP Warning:  Undefined array key "version" in C:\xampp\htdocs\bscs_profiling_system\reports.php on line 204
[01-Apr-2025 04:35:02 Europe/Berlin] PHP Warning:  Undefined array key "version" in C:\xampp\htdocs\bscs_profiling_system\reports.php on line 204
[01-Apr-2025 04:35:07 Europe/Berlin] PHP Warning:  Undefined array key "version" in C:\xampp\htdocs\bscs_profiling_system\reports.php on line 204
[01-Apr-2025 04:35:12 Europe/Berlin] PHP Warning:  Undefined array key "version" in C:\xampp\htdocs\bscs_profiling_system\reports.php on line 204
[01-Apr-2025 04:38:32 Europe/Berlin] PHP Warning:  Undefined array key "version" in C:\xampp\htdocs\bscs_profiling_system\reports.php on line 204
[01-Apr-2025 04:38:34 Europe/Berlin] PHP Warning:  Undefined array key "version" in C:\xampp\htdocs\bscs_profiling_system\reports.php on line 204
[01-Apr-2025 04:40:54 Europe/Berlin] PHP Warning:  Undefined array key "version" in C:\xampp\htdocs\bscs_profiling_system\reports.php on line 204
[01-Apr-2025 04:41:06 Europe/Berlin] PHP Warning:  Undefined array key "version" in C:\xampp\htdocs\bscs_profiling_system\reports.php on line 204
[01-Apr-2025 04:41:08 Europe/Berlin] PHP Warning:  Undefined array key "version" in C:\xampp\htdocs\bscs_profiling_system\reports.php on line 204
[01-Apr-2025 04:41:09 Europe/Berlin] PHP Warning:  Undefined array key "version" in C:\xampp\htdocs\bscs_profiling_system\reports.php on line 204
[01-Apr-2025 04:42:19 Europe/Berlin] PHP Warning:  Undefined array key "version" in C:\xampp\htdocs\bscs_profiling_system\reports.php on line 204
[01-Apr-2025 04:42:32 Europe/Berlin] PHP Notice:  Only variables should be passed by reference in C:\xampp\htdocs\bscs_profiling_system\api\add_student.php on line 142
[01-Apr-2025 04:42:32 Europe/Berlin] PHP Notice:  Only variables should be passed by reference in C:\xampp\htdocs\bscs_profiling_system\api\add_student.php on line 143
[01-Apr-2025 04:42:32 Europe/Berlin] PHP Notice:  Only variables should be passed by reference in C:\xampp\htdocs\bscs_profiling_system\api\add_student.php on line 144
[01-Apr-2025 04:42:32 Europe/Berlin] PHP Notice:  Only variables should be passed by reference in C:\xampp\htdocs\bscs_profiling_system\api\add_student.php on line 145
[01-Apr-2025 04:42:32 Europe/Berlin] PHP Notice:  Only variables should be passed by reference in C:\xampp\htdocs\bscs_profiling_system\api\add_student.php on line 146
[01-Apr-2025 04:42:32 Europe/Berlin] PHP Notice:  Only variables should be passed by reference in C:\xampp\htdocs\bscs_profiling_system\api\add_student.php on line 149
[01-Apr-2025 04:42:32 Europe/Berlin] PHP Notice:  Only variables should be passed by reference in C:\xampp\htdocs\bscs_profiling_system\api\add_student.php on line 152
[01-Apr-2025 04:42:35 Europe/Berlin] PHP Warning:  Undefined array key "version" in C:\xampp\htdocs\bscs_profiling_system\reports.php on line 204
[01-Apr-2025 04:42:37 Europe/Berlin] PHP Warning:  Undefined array key "version" in C:\xampp\htdocs\bscs_profiling_system\reports.php on line 204
[01-Apr-2025 04:42:38 Europe/Berlin] PHP Warning:  Undefined array key "version" in C:\xampp\htdocs\bscs_profiling_system\reports.php on line 204
[01-Apr-2025 04:42:39 Europe/Berlin] PHP Warning:  Undefined array key "version" in C:\xampp\htdocs\bscs_profiling_system\reports.php on line 204
[01-Apr-2025 04:42:42 Europe/Berlin] PHP Warning:  Undefined array key "version" in C:\xampp\htdocs\bscs_profiling_system\reports.php on line 204
[01-Apr-2025 04:42:47 Europe/Berlin] PHP Warning:  Undefined array key "version" in C:\xampp\htdocs\bscs_profiling_system\reports.php on line 204
[01-Apr-2025 04:42:52 Europe/Berlin] PHP Warning:  Undefined array key "version" in C:\xampp\htdocs\bscs_profiling_system\reports.php on line 204
[01-Apr-2025 04:42:57 Europe/Berlin] PHP Warning:  Undefined array key "version" in C:\xampp\htdocs\bscs_profiling_system\reports.php on line 204
[01-Apr-2025 04:43:02 Europe/Berlin] PHP Warning:  Undefined array key "version" in C:\xampp\htdocs\bscs_profiling_system\reports.php on line 204
[01-Apr-2025 04:43:07 Europe/Berlin] PHP Warning:  Undefined array key "version" in C:\xampp\htdocs\bscs_profiling_system\reports.php on line 204
[01-Apr-2025 04:43:12 Europe/Berlin] PHP Warning:  Undefined array key "version" in C:\xampp\htdocs\bscs_profiling_system\reports.php on line 204
[01-Apr-2025 04:43:12 Europe/Berlin] PHP Warning:  Undefined array key "version" in C:\xampp\htdocs\bscs_profiling_system\reports.php on line 204
[01-Apr-2025 04:43:17 Europe/Berlin] PHP Warning:  Undefined array key "version" in C:\xampp\htdocs\bscs_profiling_system\reports.php on line 204
[01-Apr-2025 04:43:22 Europe/Berlin] PHP Warning:  Undefined array key "version" in C:\xampp\htdocs\bscs_profiling_system\reports.php on line 204
[01-Apr-2025 04:43:27 Europe/Berlin] PHP Warning:  Undefined array key "version" in C:\xampp\htdocs\bscs_profiling_system\reports.php on line 204
[01-Apr-2025 04:43:32 Europe/Berlin] PHP Warning:  Undefined array key "version" in C:\xampp\htdocs\bscs_profiling_system\reports.php on line 204
[01-Apr-2025 04:43:37 Europe/Berlin] PHP Warning:  Undefined array key "version" in C:\xampp\htdocs\bscs_profiling_system\reports.php on line 204
[01-Apr-2025 04:43:42 Europe/Berlin] PHP Warning:  Undefined array key "version" in C:\xampp\htdocs\bscs_profiling_system\reports.php on line 204
[01-Apr-2025 04:43:42 Europe/Berlin] PHP Warning:  Undefined array key "version" in C:\xampp\htdocs\bscs_profiling_system\reports.php on line 204
[01-Apr-2025 04:43:52 Europe/Berlin] PHP Warning:  Undefined array key "version" in C:\xampp\htdocs\bscs_profiling_system\reports.php on line 204
[01-Apr-2025 04:43:58 Europe/Berlin] PHP Warning:  Undefined array key "version" in C:\xampp\htdocs\bscs_profiling_system\reports.php on line 204
[01-Apr-2025 04:44:05 Europe/Berlin] PHP Warning:  Undefined array key "version" in C:\xampp\htdocs\bscs_profiling_system\reports.php on line 204
[01-Apr-2025 04:44:07 Europe/Berlin] PHP Warning:  Undefined array key "version" in C:\xampp\htdocs\bscs_profiling_system\reports.php on line 204
[01-Apr-2025 04:44:10 Europe/Berlin] PHP Warning:  Undefined array key "version" in C:\xampp\htdocs\bscs_profiling_system\reports.php on line 204
[01-Apr-2025 04:44:18 Europe/Berlin] PHP Warning:  Undefined array key "version" in C:\xampp\htdocs\bscs_profiling_system\reports.php on line 204
[01-Apr-2025 04:44:20 Europe/Berlin] PHP Warning:  Undefined array key "version" in C:\xampp\htdocs\bscs_profiling_system\reports.php on line 204
[01-Apr-2025 04:44:20 Europe/Berlin] PHP Warning:  Undefined array key "version" in C:\xampp\htdocs\bscs_profiling_system\reports.php on line 204
[01-Apr-2025 04:45:14 Europe/Berlin] PHP Warning:  Undefined array key "version" in C:\xampp\htdocs\bscs_profiling_system\reports.php on line 204
[01-Apr-2025 04:45:28 Europe/Berlin] PHP Notice:  Only variables should be passed by reference in C:\xampp\htdocs\bscs_profiling_system\api\add_student.php on line 142
[01-Apr-2025 04:45:28 Europe/Berlin] PHP Notice:  Only variables should be passed by reference in C:\xampp\htdocs\bscs_profiling_system\api\add_student.php on line 143
[01-Apr-2025 04:45:28 Europe/Berlin] PHP Notice:  Only variables should be passed by reference in C:\xampp\htdocs\bscs_profiling_system\api\add_student.php on line 144
[01-Apr-2025 04:45:28 Europe/Berlin] PHP Notice:  Only variables should be passed by reference in C:\xampp\htdocs\bscs_profiling_system\api\add_student.php on line 145
[01-Apr-2025 04:45:28 Europe/Berlin] PHP Notice:  Only variables should be passed by reference in C:\xampp\htdocs\bscs_profiling_system\api\add_student.php on line 146
[01-Apr-2025 04:45:28 Europe/Berlin] PHP Notice:  Only variables should be passed by reference in C:\xampp\htdocs\bscs_profiling_system\api\add_student.php on line 149
[01-Apr-2025 04:45:28 Europe/Berlin] PHP Notice:  Only variables should be passed by reference in C:\xampp\htdocs\bscs_profiling_system\api\add_student.php on line 152
[01-Apr-2025 04:45:30 Europe/Berlin] PHP Warning:  Undefined array key "version" in C:\xampp\htdocs\bscs_profiling_system\reports.php on line 204
[01-Apr-2025 04:45:35 Europe/Berlin] PHP Warning:  Undefined array key "version" in C:\xampp\htdocs\bscs_profiling_system\reports.php on line 204
[01-Apr-2025 04:45:40 Europe/Berlin] PHP Warning:  Undefined array key "version" in C:\xampp\htdocs\bscs_profiling_system\reports.php on line 204
[01-Apr-2025 04:45:52 Europe/Berlin] PHP Warning:  Undefined array key "version" in C:\xampp\htdocs\bscs_profiling_system\reports.php on line 204
[01-Apr-2025 04:45:57 Europe/Berlin] PHP Warning:  Undefined array key "version" in C:\xampp\htdocs\bscs_profiling_system\reports.php on line 204
[01-Apr-2025 04:46:33 Europe/Berlin] PHP Warning:  Undefined array key "version" in C:\xampp\htdocs\bscs_profiling_system\reports.php on line 204
[01-Apr-2025 04:46:44 Europe/Berlin] PHP Warning:  Undefined array key "version" in C:\xampp\htdocs\bscs_profiling_system\reports.php on line 204
[01-Apr-2025 04:46:52 Europe/Berlin] PHP Warning:  Undefined array key "version" in C:\xampp\htdocs\bscs_profiling_system\reports.php on line 204
[01-Apr-2025 04:47:09 Europe/Berlin] PHP Notice:  Only variables should be passed by reference in C:\xampp\htdocs\bscs_profiling_system\api\add_student.php on line 142
[01-Apr-2025 04:47:09 Europe/Berlin] PHP Notice:  Only variables should be passed by reference in C:\xampp\htdocs\bscs_profiling_system\api\add_student.php on line 143
[01-Apr-2025 04:47:09 Europe/Berlin] PHP Notice:  Only variables should be passed by reference in C:\xampp\htdocs\bscs_profiling_system\api\add_student.php on line 144
[01-Apr-2025 04:47:09 Europe/Berlin] PHP Notice:  Only variables should be passed by reference in C:\xampp\htdocs\bscs_profiling_system\api\add_student.php on line 145
[01-Apr-2025 04:47:09 Europe/Berlin] PHP Notice:  Only variables should be passed by reference in C:\xampp\htdocs\bscs_profiling_system\api\add_student.php on line 146
[01-Apr-2025 04:47:09 Europe/Berlin] PHP Notice:  Only variables should be passed by reference in C:\xampp\htdocs\bscs_profiling_system\api\add_student.php on line 149
[01-Apr-2025 04:47:09 Europe/Berlin] PHP Notice:  Only variables should be passed by reference in C:\xampp\htdocs\bscs_profiling_system\api\add_student.php on line 152
[01-Apr-2025 04:47:16 Europe/Berlin] PHP Warning:  Undefined array key "version" in C:\xampp\htdocs\bscs_profiling_system\reports.php on line 204
[01-Apr-2025 04:48:49 Europe/Berlin] PHP Warning:  Undefined array key "version" in C:\xampp\htdocs\bscs_profiling_system\reports.php on line 204
[01-Apr-2025 04:48:49 Europe/Berlin] PHP Warning:  Undefined array key "version" in C:\xampp\htdocs\bscs_profiling_system\reports.php on line 204
[01-Apr-2025 04:48:49 Europe/Berlin] PHP Warning:  Undefined array key "version" in C:\xampp\htdocs\bscs_profiling_system\reports.php on line 204
[01-Apr-2025 04:48:51 Europe/Berlin] PHP Warning:  Undefined array key "version" in C:\xampp\htdocs\bscs_profiling_system\reports.php on line 204
[01-Apr-2025 04:48:53 Europe/Berlin] PHP Warning:  Undefined array key "version" in C:\xampp\htdocs\bscs_profiling_system\reports.php on line 204
[01-Apr-2025 04:48:57 Europe/Berlin] PHP Warning:  Undefined array key "version" in C:\xampp\htdocs\bscs_profiling_system\reports.php on line 204
[01-Apr-2025 04:48:58 Europe/Berlin] PHP Warning:  Undefined array key "version" in C:\xampp\htdocs\bscs_profiling_system\reports.php on line 204
[01-Apr-2025 04:48:59 Europe/Berlin] PHP Warning:  Undefined array key "version" in C:\xampp\htdocs\bscs_profiling_system\reports.php on line 204
[01-Apr-2025 04:49:00 Europe/Berlin] PHP Warning:  Undefined array key "version" in C:\xampp\htdocs\bscs_profiling_system\reports.php on line 204
[01-Apr-2025 04:49:01 Europe/Berlin] PHP Warning:  Undefined array key "version" in C:\xampp\htdocs\bscs_profiling_system\reports.php on line 204
[01-Apr-2025 04:49:07 Europe/Berlin] PHP Warning:  Undefined array key "version" in C:\xampp\htdocs\bscs_profiling_system\reports.php on line 204
[01-Apr-2025 04:49:12 Europe/Berlin] PHP Warning:  Undefined array key "version" in C:\xampp\htdocs\bscs_profiling_system\reports.php on line 204
[01-Apr-2025 04:49:17 Europe/Berlin] PHP Warning:  Undefined array key "version" in C:\xampp\htdocs\bscs_profiling_system\reports.php on line 204
[01-Apr-2025 04:49:22 Europe/Berlin] PHP Warning:  Undefined array key "version" in C:\xampp\htdocs\bscs_profiling_system\reports.php on line 204
[01-Apr-2025 04:49:27 Europe/Berlin] PHP Warning:  Undefined array key "version" in C:\xampp\htdocs\bscs_profiling_system\reports.php on line 204
[01-Apr-2025 04:49:32 Europe/Berlin] PHP Warning:  Undefined array key "version" in C:\xampp\htdocs\bscs_profiling_system\reports.php on line 204
[01-Apr-2025 04:49:32 Europe/Berlin] PHP Warning:  Undefined array key "version" in C:\xampp\htdocs\bscs_profiling_system\reports.php on line 204
[01-Apr-2025 04:49:37 Europe/Berlin] PHP Warning:  Undefined array key "version" in C:\xampp\htdocs\bscs_profiling_system\reports.php on line 204
[01-Apr-2025 04:49:42 Europe/Berlin] PHP Warning:  Undefined array key "version" in C:\xampp\htdocs\bscs_profiling_system\reports.php on line 204
[01-Apr-2025 04:49:47 Europe/Berlin] PHP Warning:  Undefined array key "version" in C:\xampp\htdocs\bscs_profiling_system\reports.php on line 204
[01-Apr-2025 04:49:52 Europe/Berlin] PHP Warning:  Undefined array key "version" in C:\xampp\htdocs\bscs_profiling_system\reports.php on line 204
[01-Apr-2025 04:49:57 Europe/Berlin] PHP Warning:  Undefined array key "version" in C:\xampp\htdocs\bscs_profiling_system\reports.php on line 204
[01-Apr-2025 04:50:02 Europe/Berlin] PHP Warning:  Undefined array key "version" in C:\xampp\htdocs\bscs_profiling_system\reports.php on line 204
[01-Apr-2025 04:50:02 Europe/Berlin] PHP Warning:  Undefined array key "version" in C:\xampp\htdocs\bscs_profiling_system\reports.php on line 204
[01-Apr-2025 04:50:10 Europe/Berlin] PHP Warning:  Undefined array key "version" in C:\xampp\htdocs\bscs_profiling_system\reports.php on line 204
[01-Apr-2025 04:50:32 Europe/Berlin] PHP Warning:  Undefined array key "version" in C:\xampp\htdocs\bscs_profiling_system\reports.php on line 204
[01-Apr-2025 04:51:02 Europe/Berlin] PHP Warning:  Undefined array key "version" in C:\xampp\htdocs\bscs_profiling_system\reports.php on line 204
[01-Apr-2025 04:51:10 Europe/Berlin] PHP Warning:  Undefined array key "version" in C:\xampp\htdocs\bscs_profiling_system\reports.php on line 204
[01-Apr-2025 04:52:02 Europe/Berlin] PHP Warning:  Undefined array key "version" in C:\xampp\htdocs\bscs_profiling_system\reports.php on line 204
[01-Apr-2025 04:52:02 Europe/Berlin] PHP Warning:  Undefined array key "version" in C:\xampp\htdocs\bscs_profiling_system\reports.php on line 204
[01-Apr-2025 04:52:03 Europe/Berlin] PHP Warning:  Undefined array key "version" in C:\xampp\htdocs\bscs_profiling_system\reports.php on line 204
[01-Apr-2025 04:52:18 Europe/Berlin] PHP Warning:  Undefined array key "version" in C:\xampp\htdocs\bscs_profiling_system\reports.php on line 204
[01-Apr-2025 04:52:20 Europe/Berlin] PHP Warning:  Undefined array key "version" in C:\xampp\htdocs\bscs_profiling_system\reports.php on line 204
[01-Apr-2025 04:52:21 Europe/Berlin] PHP Warning:  Undefined array key "version" in C:\xampp\htdocs\bscs_profiling_system\reports.php on line 204
[01-Apr-2025 04:52:30 Europe/Berlin] PHP Warning:  Undefined array key "version" in C:\xampp\htdocs\bscs_profiling_system\reports.php on line 204
[01-Apr-2025 04:52:38 Europe/Berlin] PHP Warning:  Undefined array key "version" in C:\xampp\htdocs\bscs_profiling_system\reports.php on line 204
[01-Apr-2025 04:52:39 Europe/Berlin] PHP Warning:  Undefined array key "version" in C:\xampp\htdocs\bscs_profiling_system\reports.php on line 204
[01-Apr-2025 04:54:26 Europe/Berlin] PHP Notice:  Only variables should be passed by reference in C:\xampp\htdocs\bscs_profiling_system\api\add_student.php on line 142
[01-Apr-2025 04:54:26 Europe/Berlin] PHP Notice:  Only variables should be passed by reference in C:\xampp\htdocs\bscs_profiling_system\api\add_student.php on line 143
[01-Apr-2025 04:54:26 Europe/Berlin] PHP Notice:  Only variables should be passed by reference in C:\xampp\htdocs\bscs_profiling_system\api\add_student.php on line 144
[01-Apr-2025 04:54:26 Europe/Berlin] PHP Notice:  Only variables should be passed by reference in C:\xampp\htdocs\bscs_profiling_system\api\add_student.php on line 145
[01-Apr-2025 04:54:26 Europe/Berlin] PHP Notice:  Only variables should be passed by reference in C:\xampp\htdocs\bscs_profiling_system\api\add_student.php on line 146
[01-Apr-2025 04:54:26 Europe/Berlin] PHP Notice:  Only variables should be passed by reference in C:\xampp\htdocs\bscs_profiling_system\api\add_student.php on line 149
[01-Apr-2025 04:54:26 Europe/Berlin] PHP Notice:  Only variables should be passed by reference in C:\xampp\htdocs\bscs_profiling_system\api\add_student.php on line 152
[01-Apr-2025 04:54:31 Europe/Berlin] PHP Warning:  Undefined array key "version" in C:\xampp\htdocs\bscs_profiling_system\reports.php on line 204
[01-Apr-2025 04:54:34 Europe/Berlin] PHP Warning:  Undefined array key "version" in C:\xampp\htdocs\bscs_profiling_system\reports.php on line 204
[01-Apr-2025 04:54:49 Europe/Berlin] PHP Warning:  Undefined array key "version" in C:\xampp\htdocs\bscs_profiling_system\reports.php on line 204
[01-Apr-2025 04:56:58 Europe/Berlin] PHP Warning:  Undefined array key "version" in C:\xampp\htdocs\bscs_profiling_system\reports.php on line 204
[01-Apr-2025 04:57:13 Europe/Berlin] PHP Warning:  Undefined array key "version" in C:\xampp\htdocs\bscs_profiling_system\reports.php on line 204
[01-Apr-2025 04:57:14 Europe/Berlin] PHP Warning:  Undefined array key "version" in C:\xampp\htdocs\bscs_profiling_system\reports.php on line 204
[01-Apr-2025 04:57:17 Europe/Berlin] PHP Warning:  Undefined array key "version" in C:\xampp\htdocs\bscs_profiling_system\reports.php on line 204
[01-Apr-2025 04:57:31 Europe/Berlin] PHP Notice:  Only variables should be passed by reference in C:\xampp\htdocs\bscs_profiling_system\api\add_student.php on line 142
[01-Apr-2025 04:57:31 Europe/Berlin] PHP Notice:  Only variables should be passed by reference in C:\xampp\htdocs\bscs_profiling_system\api\add_student.php on line 143
[01-Apr-2025 04:57:31 Europe/Berlin] PHP Notice:  Only variables should be passed by reference in C:\xampp\htdocs\bscs_profiling_system\api\add_student.php on line 144
[01-Apr-2025 04:57:31 Europe/Berlin] PHP Notice:  Only variables should be passed by reference in C:\xampp\htdocs\bscs_profiling_system\api\add_student.php on line 145
[01-Apr-2025 04:57:31 Europe/Berlin] PHP Notice:  Only variables should be passed by reference in C:\xampp\htdocs\bscs_profiling_system\api\add_student.php on line 146
[01-Apr-2025 04:57:31 Europe/Berlin] PHP Notice:  Only variables should be passed by reference in C:\xampp\htdocs\bscs_profiling_system\api\add_student.php on line 149
[01-Apr-2025 04:57:31 Europe/Berlin] PHP Notice:  Only variables should be passed by reference in C:\xampp\htdocs\bscs_profiling_system\api\add_student.php on line 152
[01-Apr-2025 04:57:42 Europe/Berlin] PHP Warning:  Undefined array key "version" in C:\xampp\htdocs\bscs_profiling_system\reports.php on line 204
[01-Apr-2025 04:57:44 Europe/Berlin] PHP Warning:  Undefined array key "version" in C:\xampp\htdocs\bscs_profiling_system\reports.php on line 204
[01-Apr-2025 04:57:45 Europe/Berlin] PHP Warning:  Undefined array key "version" in C:\xampp\htdocs\bscs_profiling_system\reports.php on line 204
[01-Apr-2025 04:58:13 Europe/Berlin] PHP Warning:  Undefined array key "version" in C:\xampp\htdocs\bscs_profiling_system\reports.php on line 204
[01-Apr-2025 04:58:14 Europe/Berlin] PHP Warning:  Undefined array key "version" in C:\xampp\htdocs\bscs_profiling_system\reports.php on line 204
[01-Apr-2025 05:01:23 Europe/Berlin] PHP Warning:  Undefined array key "version" in C:\xampp\htdocs\bscs_profiling_system\reports.php on line 204
[01-Apr-2025 05:01:25 Europe/Berlin] PHP Warning:  Undefined array key "version" in C:\xampp\htdocs\bscs_profiling_system\reports.php on line 204
[01-Apr-2025 05:01:25 Europe/Berlin] PHP Warning:  Undefined array key "version" in C:\xampp\htdocs\bscs_profiling_system\reports.php on line 204
[01-Apr-2025 05:01:27 Europe/Berlin] PHP Warning:  Undefined array key "version" in C:\xampp\htdocs\bscs_profiling_system\reports.php on line 204
[01-Apr-2025 05:01:29 Europe/Berlin] PHP Warning:  Undefined array key "version" in C:\xampp\htdocs\bscs_profiling_system\reports.php on line 204
[01-Apr-2025 05:01:30 Europe/Berlin] PHP Warning:  Undefined array key "version" in C:\xampp\htdocs\bscs_profiling_system\reports.php on line 204
[01-Apr-2025 05:01:31 Europe/Berlin] PHP Warning:  Undefined array key "version" in C:\xampp\htdocs\bscs_profiling_system\reports.php on line 204
[01-Apr-2025 05:01:35 Europe/Berlin] PHP Warning:  Undefined array key "version" in C:\xampp\htdocs\bscs_profiling_system\reports.php on line 204
[01-Apr-2025 05:01:36 Europe/Berlin] PHP Warning:  Undefined array key "version" in C:\xampp\htdocs\bscs_profiling_system\reports.php on line 204
[01-Apr-2025 05:01:41 Europe/Berlin] PHP Warning:  Undefined array key "version" in C:\xampp\htdocs\bscs_profiling_system\reports.php on line 204
[01-Apr-2025 05:01:46 Europe/Berlin] PHP Warning:  Undefined array key "version" in C:\xampp\htdocs\bscs_profiling_system\reports.php on line 204
[01-Apr-2025 05:01:50 Europe/Berlin] PHP Warning:  Trying to access array offset on value of type null in C:\xampp\htdocs\bscs_profiling_system\reports.php on line 204
[01-Apr-2025 05:01:54 Europe/Berlin] PHP Warning:  Undefined array key "version" in C:\xampp\htdocs\bscs_profiling_system\reports.php on line 204
[01-Apr-2025 05:01:59 Europe/Berlin] PHP Warning:  Undefined array key "version" in C:\xampp\htdocs\bscs_profiling_system\reports.php on line 204
[01-Apr-2025 05:02:04 Europe/Berlin] PHP Warning:  Undefined array key "version" in C:\xampp\htdocs\bscs_profiling_system\reports.php on line 204
[01-Apr-2025 05:02:06 Europe/Berlin] PHP Warning:  Undefined array key "version" in C:\xampp\htdocs\bscs_profiling_system\reports.php on line 204
[01-Apr-2025 05:02:06 Europe/Berlin] PHP Warning:  Undefined array key "version" in C:\xampp\htdocs\bscs_profiling_system\reports.php on line 204
[01-Apr-2025 05:02:08 Europe/Berlin] PHP Warning:  Undefined array key "version" in C:\xampp\htdocs\bscs_profiling_system\reports.php on line 204
[01-Apr-2025 05:02:09 Europe/Berlin] PHP Warning:  Undefined array key "version" in C:\xampp\htdocs\bscs_profiling_system\reports.php on line 204
[01-Apr-2025 05:02:12 Europe/Berlin] PHP Warning:  Undefined array key "version" in C:\xampp\htdocs\bscs_profiling_system\reports.php on line 204
[01-Apr-2025 05:02:15 Europe/Berlin] PHP Warning:  Undefined array key "version" in C:\xampp\htdocs\bscs_profiling_system\reports.php on line 204
[01-Apr-2025 05:02:20 Europe/Berlin] PHP Warning:  Undefined array key "version" in C:\xampp\htdocs\bscs_profiling_system\reports.php on line 204
[01-Apr-2025 05:02:25 Europe/Berlin] PHP Warning:  Undefined array key "version" in C:\xampp\htdocs\bscs_profiling_system\reports.php on line 204
[01-Apr-2025 05:02:27 Europe/Berlin] PHP Warning:  Undefined array key "version" in C:\xampp\htdocs\bscs_profiling_system\reports.php on line 204
[01-Apr-2025 05:02:29 Europe/Berlin] PHP Warning:  Undefined array key "version" in C:\xampp\htdocs\bscs_profiling_system\reports.php on line 204
[01-Apr-2025 05:02:30 Europe/Berlin] PHP Warning:  Undefined array key "version" in C:\xampp\htdocs\bscs_profiling_system\reports.php on line 204
[01-Apr-2025 05:05:49 Europe/Berlin] PHP Warning:  Undefined array key "version" in C:\xampp\htdocs\bscs_profiling_system\reports.php on line 204
[01-Apr-2025 05:06:00 Europe/Berlin] PHP Notice:  Only variables should be passed by reference in C:\xampp\htdocs\bscs_profiling_system\api\add_student.php on line 142
[01-Apr-2025 05:06:00 Europe/Berlin] PHP Notice:  Only variables should be passed by reference in C:\xampp\htdocs\bscs_profiling_system\api\add_student.php on line 143
[01-Apr-2025 05:06:00 Europe/Berlin] PHP Notice:  Only variables should be passed by reference in C:\xampp\htdocs\bscs_profiling_system\api\add_student.php on line 144
[01-Apr-2025 05:06:00 Europe/Berlin] PHP Notice:  Only variables should be passed by reference in C:\xampp\htdocs\bscs_profiling_system\api\add_student.php on line 145
[01-Apr-2025 05:06:00 Europe/Berlin] PHP Notice:  Only variables should be passed by reference in C:\xampp\htdocs\bscs_profiling_system\api\add_student.php on line 146
[01-Apr-2025 05:06:00 Europe/Berlin] PHP Notice:  Only variables should be passed by reference in C:\xampp\htdocs\bscs_profiling_system\api\add_student.php on line 149
[01-Apr-2025 05:06:00 Europe/Berlin] PHP Notice:  Only variables should be passed by reference in C:\xampp\htdocs\bscs_profiling_system\api\add_student.php on line 152
[01-Apr-2025 05:06:02 Europe/Berlin] PHP Warning:  Undefined array key "version" in C:\xampp\htdocs\bscs_profiling_system\reports.php on line 204
[01-Apr-2025 05:06:07 Europe/Berlin] PHP Warning:  Undefined array key "version" in C:\xampp\htdocs\bscs_profiling_system\reports.php on line 204
[01-Apr-2025 05:06:12 Europe/Berlin] PHP Warning:  Undefined array key "version" in C:\xampp\htdocs\bscs_profiling_system\reports.php on line 204
[01-Apr-2025 05:06:13 Europe/Berlin] PHP Warning:  Undefined array key "version" in C:\xampp\htdocs\bscs_profiling_system\reports.php on line 204
[01-Apr-2025 05:08:28 Europe/Berlin] PHP Warning:  Undefined array key "version" in C:\xampp\htdocs\bscs_profiling_system\reports.php on line 204
[01-Apr-2025 05:08:33 Europe/Berlin] PHP Warning:  Undefined array key "version" in C:\xampp\htdocs\bscs_profiling_system\reports.php on line 204
[01-Apr-2025 05:08:34 Europe/Berlin] PHP Warning:  Undefined array key "version" in C:\xampp\htdocs\bscs_profiling_system\reports.php on line 204
[01-Apr-2025 05:08:37 Europe/Berlin] PHP Warning:  Undefined array key "version" in C:\xampp\htdocs\bscs_profiling_system\reports.php on line 204
[01-Apr-2025 05:08:38 Europe/Berlin] PHP Warning:  Undefined array key "version" in C:\xampp\htdocs\bscs_profiling_system\reports.php on line 204
[01-Apr-2025 05:08:38 Europe/Berlin] PHP Warning:  Undefined array key "version" in C:\xampp\htdocs\bscs_profiling_system\reports.php on line 204
[01-Apr-2025 05:08:41 Europe/Berlin] PHP Warning:  Undefined array key "version" in C:\xampp\htdocs\bscs_profiling_system\reports.php on line 204
[01-Apr-2025 05:08:43 Europe/Berlin] PHP Warning:  Undefined array key "version" in C:\xampp\htdocs\bscs_profiling_system\reports.php on line 204
[01-Apr-2025 05:08:45 Europe/Berlin] PHP Warning:  Undefined array key "version" in C:\xampp\htdocs\bscs_profiling_system\reports.php on line 204
[01-Apr-2025 05:08:55 Europe/Berlin] PHP Notice:  Only variables should be passed by reference in C:\xampp\htdocs\bscs_profiling_system\api\add_student.php on line 142
[01-Apr-2025 05:08:55 Europe/Berlin] PHP Notice:  Only variables should be passed by reference in C:\xampp\htdocs\bscs_profiling_system\api\add_student.php on line 143
[01-Apr-2025 05:08:55 Europe/Berlin] PHP Notice:  Only variables should be passed by reference in C:\xampp\htdocs\bscs_profiling_system\api\add_student.php on line 144
[01-Apr-2025 05:08:55 Europe/Berlin] PHP Notice:  Only variables should be passed by reference in C:\xampp\htdocs\bscs_profiling_system\api\add_student.php on line 145
[01-Apr-2025 05:08:55 Europe/Berlin] PHP Notice:  Only variables should be passed by reference in C:\xampp\htdocs\bscs_profiling_system\api\add_student.php on line 146
[01-Apr-2025 05:08:55 Europe/Berlin] PHP Notice:  Only variables should be passed by reference in C:\xampp\htdocs\bscs_profiling_system\api\add_student.php on line 149
[01-Apr-2025 05:08:55 Europe/Berlin] PHP Notice:  Only variables should be passed by reference in C:\xampp\htdocs\bscs_profiling_system\api\add_student.php on line 152
[01-Apr-2025 05:08:58 Europe/Berlin] PHP Warning:  Undefined array key "version" in C:\xampp\htdocs\bscs_profiling_system\reports.php on line 204
[01-Apr-2025 05:09:02 Europe/Berlin] PHP Warning:  Undefined array key "version" in C:\xampp\htdocs\bscs_profiling_system\reports.php on line 204
[01-Apr-2025 05:09:02 Europe/Berlin] PHP Warning:  Undefined array key "version" in C:\xampp\htdocs\bscs_profiling_system\reports.php on line 204
[01-Apr-2025 05:09:33 Europe/Berlin] PHP Warning:  Undefined array key "version" in C:\xampp\htdocs\bscs_profiling_system\reports.php on line 204
[01-Apr-2025 05:09:39 Europe/Berlin] PHP Warning:  Undefined array key "version" in C:\xampp\htdocs\bscs_profiling_system\reports.php on line 204
[01-Apr-2025 05:09:45 Europe/Berlin] PHP Warning:  Undefined array key "version" in C:\xampp\htdocs\bscs_profiling_system\reports.php on line 204
[01-Apr-2025 05:09:50 Europe/Berlin] PHP Warning:  Undefined array key "version" in C:\xampp\htdocs\bscs_profiling_system\reports.php on line 204
[01-Apr-2025 05:10:05 Europe/Berlin] PHP Notice:  Only variables should be passed by reference in C:\xampp\htdocs\bscs_profiling_system\api\add_student.php on line 142
[01-Apr-2025 05:10:05 Europe/Berlin] PHP Notice:  Only variables should be passed by reference in C:\xampp\htdocs\bscs_profiling_system\api\add_student.php on line 143
[01-Apr-2025 05:10:05 Europe/Berlin] PHP Notice:  Only variables should be passed by reference in C:\xampp\htdocs\bscs_profiling_system\api\add_student.php on line 144
[01-Apr-2025 05:10:05 Europe/Berlin] PHP Notice:  Only variables should be passed by reference in C:\xampp\htdocs\bscs_profiling_system\api\add_student.php on line 145
[01-Apr-2025 05:10:05 Europe/Berlin] PHP Notice:  Only variables should be passed by reference in C:\xampp\htdocs\bscs_profiling_system\api\add_student.php on line 146
[01-Apr-2025 05:10:05 Europe/Berlin] PHP Notice:  Only variables should be passed by reference in C:\xampp\htdocs\bscs_profiling_system\api\add_student.php on line 149
[01-Apr-2025 05:10:05 Europe/Berlin] PHP Notice:  Only variables should be passed by reference in C:\xampp\htdocs\bscs_profiling_system\api\add_student.php on line 152
[01-Apr-2025 05:10:09 Europe/Berlin] PHP Warning:  Undefined array key "version" in C:\xampp\htdocs\bscs_profiling_system\reports.php on line 204
[01-Apr-2025 05:10:37 Europe/Berlin] PHP Warning:  Undefined array key "version" in C:\xampp\htdocs\bscs_profiling_system\reports.php on line 204
[01-Apr-2025 05:11:11 Europe/Berlin] PHP Warning:  Undefined array key "version" in C:\xampp\htdocs\bscs_profiling_system\reports.php on line 204
[01-Apr-2025 05:11:14 Europe/Berlin] PHP Warning:  Undefined array key "version" in C:\xampp\htdocs\bscs_profiling_system\reports.php on line 204
[01-Apr-2025 05:11:16 Europe/Berlin] PHP Warning:  Undefined array key "version" in C:\xampp\htdocs\bscs_profiling_system\reports.php on line 204
[01-Apr-2025 05:11:21 Europe/Berlin] PHP Warning:  Undefined array key "version" in C:\xampp\htdocs\bscs_profiling_system\reports.php on line 204
[01-Apr-2025 05:11:32 Europe/Berlin] PHP Warning:  Undefined array key "version" in C:\xampp\htdocs\bscs_profiling_system\reports.php on line 204
[17-May-2025 11:54:58 Europe/Berlin] PHP Warning:  Trying to access array offset on value of type null in C:\xampp\htdocs\bscs_profiling_system\reports.php on line 204
[17-May-2025 11:55:04 Europe/Berlin] PHP Warning:  Trying to access array offset on value of type null in C:\xampp\htdocs\bscs_profiling_system\reports.php on line 204
[17-May-2025 11:55:07 Europe/Berlin] PHP Warning:  Trying to access array offset on value of type null in C:\xampp\htdocs\bscs_profiling_system\reports.php on line 204
[17-May-2025 11:55:59 Europe/Berlin] PHP Notice:  Only variables should be passed by reference in C:\xampp\htdocs\bscs_profiling_system\api\add_student.php on line 142
[17-May-2025 11:55:59 Europe/Berlin] PHP Notice:  Only variables should be passed by reference in C:\xampp\htdocs\bscs_profiling_system\api\add_student.php on line 143
[17-May-2025 11:55:59 Europe/Berlin] PHP Notice:  Only variables should be passed by reference in C:\xampp\htdocs\bscs_profiling_system\api\add_student.php on line 144
[17-May-2025 11:55:59 Europe/Berlin] PHP Notice:  Only variables should be passed by reference in C:\xampp\htdocs\bscs_profiling_system\api\add_student.php on line 145
[17-May-2025 11:55:59 Europe/Berlin] PHP Notice:  Only variables should be passed by reference in C:\xampp\htdocs\bscs_profiling_system\api\add_student.php on line 146
[17-May-2025 11:55:59 Europe/Berlin] PHP Notice:  Only variables should be passed by reference in C:\xampp\htdocs\bscs_profiling_system\api\add_student.php on line 149
[17-May-2025 11:55:59 Europe/Berlin] PHP Notice:  Only variables should be passed by reference in C:\xampp\htdocs\bscs_profiling_system\api\add_student.php on line 152
[17-May-2025 11:56:02 Europe/Berlin] PHP Warning:  Undefined array key "version" in C:\xampp\htdocs\bscs_profiling_system\reports.php on line 204
[17-May-2025 11:56:03 Europe/Berlin] PHP Warning:  Undefined array key "version" in C:\xampp\htdocs\bscs_profiling_system\reports.php on line 204
[17-May-2025 11:56:20 Europe/Berlin] PHP Warning:  Undefined array key "version" in C:\xampp\htdocs\bscs_profiling_system\reports.php on line 204
[17-May-2025 11:56:28 Europe/Berlin] PHP Warning:  Undefined array key "version" in C:\xampp\htdocs\bscs_profiling_system\reports.php on line 204
[17-May-2025 11:56:30 Europe/Berlin] PHP Warning:  Undefined array key "version" in C:\xampp\htdocs\bscs_profiling_system\reports.php on line 204
[17-May-2025 11:57:24 Europe/Berlin] PHP Notice:  Only variables should be passed by reference in C:\xampp\htdocs\bscs_profiling_system\api\add_student.php on line 142
[17-May-2025 11:57:24 Europe/Berlin] PHP Notice:  Only variables should be passed by reference in C:\xampp\htdocs\bscs_profiling_system\api\add_student.php on line 143
[17-May-2025 11:57:24 Europe/Berlin] PHP Notice:  Only variables should be passed by reference in C:\xampp\htdocs\bscs_profiling_system\api\add_student.php on line 144
[17-May-2025 11:57:24 Europe/Berlin] PHP Notice:  Only variables should be passed by reference in C:\xampp\htdocs\bscs_profiling_system\api\add_student.php on line 145
[17-May-2025 11:57:24 Europe/Berlin] PHP Notice:  Only variables should be passed by reference in C:\xampp\htdocs\bscs_profiling_system\api\add_student.php on line 146
[17-May-2025 11:57:24 Europe/Berlin] PHP Notice:  Only variables should be passed by reference in C:\xampp\htdocs\bscs_profiling_system\api\add_student.php on line 149
[17-May-2025 11:57:24 Europe/Berlin] PHP Notice:  Only variables should be passed by reference in C:\xampp\htdocs\bscs_profiling_system\api\add_student.php on line 152
[17-May-2025 11:57:52 Europe/Berlin] PHP Warning:  Undefined array key "version" in C:\xampp\htdocs\bscs_profiling_system\reports.php on line 204
[17-May-2025 11:57:54 Europe/Berlin] PHP Warning:  Undefined array key "version" in C:\xampp\htdocs\bscs_profiling_system\reports.php on line 204
[17-May-2025 11:58:57 Europe/Berlin] PHP Warning:  Undefined array key "version" in C:\xampp\htdocs\bscs_profiling_system\reports.php on line 204
[17-May-2025 11:59:00 Europe/Berlin] PHP Warning:  Undefined array key "version" in C:\xampp\htdocs\bscs_profiling_system\reports.php on line 204
[17-May-2025 11:59:03 Europe/Berlin] PHP Warning:  Undefined array key "version" in C:\xampp\htdocs\bscs_profiling_system\reports.php on line 204
[17-May-2025 11:59:26 Europe/Berlin] PHP Warning:  Undefined array key "version" in C:\xampp\htdocs\bscs_profiling_system\reports.php on line 204
[17-May-2025 12:05:36 Europe/Berlin] PHP Warning:  Undefined array key "version" in C:\xampp\htdocs\bscs_profiling_system\reports.php on line 204
[17-May-2025 12:10:47 Europe/Berlin] PHP Warning:  Undefined array key "version" in C:\xampp\htdocs\bscs_profiling_system\reports.php on line 204
[17-May-2025 12:11:16 Europe/Berlin] PHP Warning:  Undefined array key "version" in C:\xampp\htdocs\bscs_profiling_system\reports.php on line 204
[17-May-2025 12:54:15 Europe/Berlin] PHP Warning:  Undefined array key "version" in C:\xampp\htdocs\bscs_profiling_system\reports.php on line 204
[17-May-2025 12:54:15 Europe/Berlin] PHP Warning:  Undefined array key "version" in C:\xampp\htdocs\bscs_profiling_system\reports.php on line 204
[17-May-2025 12:54:17 Europe/Berlin] PHP Warning:  Undefined array key "version" in C:\xampp\htdocs\bscs_profiling_system\reports.php on line 204
[17-May-2025 12:54:18 Europe/Berlin] PHP Warning:  Undefined array key "version" in C:\xampp\htdocs\bscs_profiling_system\reports.php on line 204
[17-May-2025 12:58:18 Europe/Berlin] PHP Warning:  Undefined array key "version" in C:\xampp\htdocs\bscs_profiling_system\reports.php on line 233
[17-May-2025 12:58:25 Europe/Berlin] PHP Warning:  Undefined array key "version" in C:\xampp\htdocs\bscs_profiling_system\reports.php on line 233
[17-May-2025 12:58:32 Europe/Berlin] PHP Warning:  Undefined array key "version" in C:\xampp\htdocs\bscs_profiling_system\reports.php on line 233
[17-May-2025 12:58:54 Europe/Berlin] PHP Warning:  Undefined array key "version" in C:\xampp\htdocs\bscs_profiling_system\reports.php on line 233
[17-May-2025 12:59:02 Europe/Berlin] PHP Warning:  Undefined array key "version" in C:\xampp\htdocs\bscs_profiling_system\reports.php on line 233
[17-May-2025 12:59:14 Europe/Berlin] PHP Warning:  Undefined array key "version" in C:\xampp\htdocs\bscs_profiling_system\reports.php on line 233
[17-May-2025 12:59:52 Europe/Berlin] PHP Warning:  Undefined array key "version" in C:\xampp\htdocs\bscs_profiling_system\reports.php on line 233
[17-May-2025 13:00:28 Europe/Berlin] PHP Warning:  Undefined array key "version" in C:\xampp\htdocs\bscs_profiling_system\reports.php on line 233
[17-May-2025 13:01:22 Europe/Berlin] PHP Notice:  Only variables should be passed by reference in C:\xampp\htdocs\bscs_profiling_system\api\add_student.php on line 142
[17-May-2025 13:01:22 Europe/Berlin] PHP Notice:  Only variables should be passed by reference in C:\xampp\htdocs\bscs_profiling_system\api\add_student.php on line 143
[17-May-2025 13:01:22 Europe/Berlin] PHP Notice:  Only variables should be passed by reference in C:\xampp\htdocs\bscs_profiling_system\api\add_student.php on line 144
[17-May-2025 13:01:22 Europe/Berlin] PHP Notice:  Only variables should be passed by reference in C:\xampp\htdocs\bscs_profiling_system\api\add_student.php on line 145
[17-May-2025 13:01:22 Europe/Berlin] PHP Notice:  Only variables should be passed by reference in C:\xampp\htdocs\bscs_profiling_system\api\add_student.php on line 146
[17-May-2025 13:01:22 Europe/Berlin] PHP Notice:  Only variables should be passed by reference in C:\xampp\htdocs\bscs_profiling_system\api\add_student.php on line 149
[17-May-2025 13:01:22 Europe/Berlin] PHP Notice:  Only variables should be passed by reference in C:\xampp\htdocs\bscs_profiling_system\api\add_student.php on line 152
[17-May-2025 13:02:06 Europe/Berlin] PHP Warning:  Undefined array key "version" in C:\xampp\htdocs\bscs_profiling_system\reports.php on line 233
[17-May-2025 13:02:16 Europe/Berlin] PHP Warning:  Undefined array key "version" in C:\xampp\htdocs\bscs_profiling_system\reports.php on line 233
[17-May-2025 13:02:16 Europe/Berlin] PHP Warning:  Undefined array key "version" in C:\xampp\htdocs\bscs_profiling_system\reports.php on line 233
[17-May-2025 13:02:31 Europe/Berlin] PHP Warning:  Undefined array key "version" in C:\xampp\htdocs\bscs_profiling_system\reports.php on line 233
[17-May-2025 13:02:33 Europe/Berlin] PHP Warning:  Undefined array key "version" in C:\xampp\htdocs\bscs_profiling_system\reports.php on line 233
[17-May-2025 13:02:41 Europe/Berlin] PHP Warning:  Undefined array key "version" in C:\xampp\htdocs\bscs_profiling_system\reports.php on line 233
[17-May-2025 13:02:43 Europe/Berlin] PHP Warning:  Undefined array key "version" in C:\xampp\htdocs\bscs_profiling_system\reports.php on line 233
[17-May-2025 13:05:11 Europe/Berlin] PHP Warning:  Undefined array key "version" in C:\xampp\htdocs\bscs_profiling_system\reports.php on line 233
[17-May-2025 13:05:30 Europe/Berlin] PHP Warning:  Undefined array key "version" in C:\xampp\htdocs\bscs_profiling_system\reports.php on line 233
[17-May-2025 13:05:32 Europe/Berlin] PHP Warning:  Undefined array key "version" in C:\xampp\htdocs\bscs_profiling_system\reports.php on line 233
[17-May-2025 13:06:05 Europe/Berlin] PHP Warning:  Undefined array key "version" in C:\xampp\htdocs\bscs_profiling_system\reports.php on line 233
[17-May-2025 13:06:07 Europe/Berlin] PHP Warning:  Undefined array key "version" in C:\xampp\htdocs\bscs_profiling_system\reports.php on line 233
[17-May-2025 13:07:07 Europe/Berlin] PHP Warning:  Undefined array key "version" in C:\xampp\htdocs\bscs_profiling_system\reports.php on line 233
[17-May-2025 13:08:39 Europe/Berlin] PHP Warning:  Undefined array key "version" in C:\xampp\htdocs\bscs_profiling_system\reports.php on line 233
[17-May-2025 13:10:09 Europe/Berlin] PHP Warning:  Undefined array key "version" in C:\xampp\htdocs\bscs_profiling_system\reports.php on line 233
[17-May-2025 13:10:10 Europe/Berlin] PHP Warning:  Undefined array key "version" in C:\xampp\htdocs\bscs_profiling_system\reports.php on line 233
[17-May-2025 13:10:22 Europe/Berlin] PHP Warning:  Undefined array key "version" in C:\xampp\htdocs\bscs_profiling_system\reports.php on line 233
[17-May-2025 13:10:23 Europe/Berlin] PHP Warning:  Undefined array key "version" in C:\xampp\htdocs\bscs_profiling_system\reports.php on line 233
[17-May-2025 13:10:24 Europe/Berlin] PHP Warning:  Undefined array key "version" in C:\xampp\htdocs\bscs_profiling_system\reports.php on line 233
[17-May-2025 13:10:24 Europe/Berlin] PHP Warning:  Undefined array key "version" in C:\xampp\htdocs\bscs_profiling_system\reports.php on line 233
[17-May-2025 13:10:38 Europe/Berlin] PHP Warning:  Undefined array key "version" in C:\xampp\htdocs\bscs_profiling_system\reports.php on line 233
[17-May-2025 13:10:42 Europe/Berlin] PHP Warning:  Undefined array key "version" in C:\xampp\htdocs\bscs_profiling_system\reports.php on line 233
[17-May-2025 13:10:44 Europe/Berlin] PHP Warning:  Undefined array key "version" in C:\xampp\htdocs\bscs_profiling_system\reports.php on line 233
[17-May-2025 13:10:49 Europe/Berlin] PHP Warning:  Undefined array key "version" in C:\xampp\htdocs\bscs_profiling_system\reports.php on line 233
[17-May-2025 13:11:04 Europe/Berlin] PHP Warning:  Undefined array key "version" in C:\xampp\htdocs\bscs_profiling_system\reports.php on line 233
[17-May-2025 13:12:38 Europe/Berlin] PHP Warning:  Undefined array key "version" in C:\xampp\htdocs\bscs_profiling_system\reports.php on line 201
[17-May-2025 13:12:40 Europe/Berlin] PHP Warning:  Undefined array key "version" in C:\xampp\htdocs\bscs_profiling_system\reports.php on line 201
[17-May-2025 13:13:01 Europe/Berlin] PHP Warning:  Undefined array key "version" in C:\xampp\htdocs\bscs_profiling_system\reports.php on line 201
[17-May-2025 13:13:12 Europe/Berlin] PHP Warning:  Undefined array key "version" in C:\xampp\htdocs\bscs_profiling_system\reports.php on line 201
[17-May-2025 13:14:01 Europe/Berlin] PHP Warning:  Undefined array key "version" in C:\xampp\htdocs\bscs_profiling_system\reports.php on line 201
[17-May-2025 13:14:11 Europe/Berlin] PHP Warning:  Undefined array key "version" in C:\xampp\htdocs\bscs_profiling_system\reports.php on line 201
[17-May-2025 13:14:16 Europe/Berlin] PHP Warning:  Undefined array key "version" in C:\xampp\htdocs\bscs_profiling_system\reports.php on line 201
[17-May-2025 13:14:18 Europe/Berlin] PHP Warning:  Undefined array key "version" in C:\xampp\htdocs\bscs_profiling_system\reports.php on line 201
[17-May-2025 13:14:20 Europe/Berlin] PHP Warning:  Undefined array key "version" in C:\xampp\htdocs\bscs_profiling_system\reports.php on line 201
[17-May-2025 13:14:22 Europe/Berlin] PHP Warning:  Undefined array key "version" in C:\xampp\htdocs\bscs_profiling_system\reports.php on line 201
[17-May-2025 13:14:25 Europe/Berlin] PHP Warning:  Undefined array key "version" in C:\xampp\htdocs\bscs_profiling_system\reports.php on line 201
[17-May-2025 13:14:30 Europe/Berlin] PHP Warning:  Undefined array key "version" in C:\xampp\htdocs\bscs_profiling_system\reports.php on line 201
[17-May-2025 13:14:37 Europe/Berlin] PHP Warning:  Undefined array key "version" in C:\xampp\htdocs\bscs_profiling_system\reports.php on line 201
[17-May-2025 13:14:38 Europe/Berlin] PHP Warning:  Undefined array key "version" in C:\xampp\htdocs\bscs_profiling_system\reports.php on line 201
[17-May-2025 13:15:22 Europe/Berlin] PHP Warning:  Undefined array key "version" in C:\xampp\htdocs\bscs_profiling_system\reports.php on line 201
[17-May-2025 13:15:35 Europe/Berlin] PHP Warning:  Undefined array key "version" in C:\xampp\htdocs\bscs_profiling_system\reports.php on line 201
[17-May-2025 13:15:36 Europe/Berlin] PHP Warning:  Undefined array key "version" in C:\xampp\htdocs\bscs_profiling_system\reports.php on line 201
[17-May-2025 13:15:38 Europe/Berlin] PHP Warning:  Undefined array key "version" in C:\xampp\htdocs\bscs_profiling_system\reports.php on line 201
[17-May-2025 13:15:38 Europe/Berlin] PHP Warning:  Undefined array key "version" in C:\xampp\htdocs\bscs_profiling_system\reports.php on line 201
[17-May-2025 13:16:17 Europe/Berlin] PHP Warning:  Undefined array key "version" in C:\xampp\htdocs\bscs_profiling_system\reports.php on line 201
[17-May-2025 13:16:18 Europe/Berlin] PHP Warning:  Undefined array key "version" in C:\xampp\htdocs\bscs_profiling_system\reports.php on line 201
[17-May-2025 13:16:20 Europe/Berlin] PHP Warning:  Undefined array key "version" in C:\xampp\htdocs\bscs_profiling_system\reports.php on line 201
[17-May-2025 13:16:28 Europe/Berlin] PHP Warning:  Undefined array key "version" in C:\xampp\htdocs\bscs_profiling_system\reports.php on line 201
[17-May-2025 13:16:29 Europe/Berlin] PHP Warning:  Undefined array key "version" in C:\xampp\htdocs\bscs_profiling_system\reports.php on line 201
[17-May-2025 13:16:33 Europe/Berlin] PHP Warning:  Undefined array key "version" in C:\xampp\htdocs\bscs_profiling_system\reports.php on line 201
